[2025-09-15T00:00:13.813+0000] {processor.py:161} INFO - Started process (PID=1249) to work on /opt/airflow/dags/compressed_elt.py
[2025-09-15T00:00:13.816+0000] {processor.py:830} INFO - Processing file /opt/airflow/dags/compressed_elt.py for tasks to queue
[2025-09-15T00:00:13.821+0000] {logging_mixin.py:188} INFO - [2025-09-15T00:00:13.820+0000] {dagbag.py:538} INFO - Filling up the DagBag from /opt/airflow/dags/compressed_elt.py
[2025-09-15T00:00:13.887+0000] {processor.py:840} INFO - DAG(s) 'customers_data_pipeline', 'shipments_data_pipeline', 'stores_data_pipeline', 'products_data_pipeline', 'sales_data_pipeline' retrieved from /opt/airflow/dags/compressed_elt.py
[2025-09-15T00:00:13.958+0000] {logging_mixin.py:188} INFO - [2025-09-15T00:00:13.958+0000] {dag.py:3036} INFO - Sync 5 DAGs
[2025-09-15T00:00:13.996+0000] {logging_mixin.py:188} INFO - [2025-09-15T00:00:13.996+0000] {dag.py:3823} INFO - Setting next_dagrun for customers_data_pipeline to 2025-09-14 00:00:00+00:00, run_after=2025-09-15 00:00:00+00:00
[2025-09-15T00:00:14.003+0000] {logging_mixin.py:188} INFO - [2025-09-15T00:00:14.003+0000] {dag.py:3823} INFO - Setting next_dagrun for products_data_pipeline to 2025-09-14 00:00:00+00:00, run_after=2025-09-15 00:00:00+00:00
[2025-09-15T00:00:14.007+0000] {logging_mixin.py:188} INFO - [2025-09-15T00:00:14.006+0000] {dag.py:3823} INFO - Setting next_dagrun for sales_data_pipeline to 2025-09-14 00:00:00+00:00, run_after=2025-09-15 00:00:00+00:00
[2025-09-15T00:00:14.012+0000] {logging_mixin.py:188} INFO - [2025-09-15T00:00:14.011+0000] {dag.py:3823} INFO - Setting next_dagrun for shipments_data_pipeline to 2025-09-14 00:00:00+00:00, run_after=2025-09-15 00:00:00+00:00
[2025-09-15T00:00:14.015+0000] {logging_mixin.py:188} INFO - [2025-09-15T00:00:14.015+0000] {dag.py:3823} INFO - Setting next_dagrun for stores_data_pipeline to 2025-09-14 00:00:00+00:00, run_after=2025-09-15 00:00:00+00:00
[2025-09-15T00:00:14.051+0000] {processor.py:183} INFO - Processing /opt/airflow/dags/compressed_elt.py took 0.246 seconds
[2025-09-15T00:00:44.603+0000] {processor.py:161} INFO - Started process (PID=1259) to work on /opt/airflow/dags/compressed_elt.py
[2025-09-15T00:00:44.604+0000] {processor.py:830} INFO - Processing file /opt/airflow/dags/compressed_elt.py for tasks to queue
[2025-09-15T00:00:44.609+0000] {logging_mixin.py:188} INFO - [2025-09-15T00:00:44.608+0000] {dagbag.py:538} INFO - Filling up the DagBag from /opt/airflow/dags/compressed_elt.py
[2025-09-15T00:00:44.664+0000] {processor.py:840} INFO - DAG(s) 'products_data_pipeline', 'customers_data_pipeline', 'sales_data_pipeline', 'shipments_data_pipeline', 'stores_data_pipeline' retrieved from /opt/airflow/dags/compressed_elt.py
[2025-09-15T00:00:44.730+0000] {logging_mixin.py:188} INFO - [2025-09-15T00:00:44.730+0000] {dag.py:3036} INFO - Sync 5 DAGs
[2025-09-15T00:00:44.767+0000] {logging_mixin.py:188} INFO - [2025-09-15T00:00:44.767+0000] {dag.py:3823} INFO - Setting next_dagrun for customers_data_pipeline to 2025-09-14 00:00:00+00:00, run_after=2025-09-15 00:00:00+00:00
[2025-09-15T00:00:44.776+0000] {logging_mixin.py:188} INFO - [2025-09-15T00:00:44.775+0000] {dag.py:3823} INFO - Setting next_dagrun for products_data_pipeline to 2025-09-14 00:00:00+00:00, run_after=2025-09-15 00:00:00+00:00
[2025-09-15T00:00:44.779+0000] {logging_mixin.py:188} INFO - [2025-09-15T00:00:44.779+0000] {dag.py:3823} INFO - Setting next_dagrun for sales_data_pipeline to 2025-09-14 00:00:00+00:00, run_after=2025-09-15 00:00:00+00:00
[2025-09-15T00:00:44.784+0000] {logging_mixin.py:188} INFO - [2025-09-15T00:00:44.783+0000] {dag.py:3823} INFO - Setting next_dagrun for shipments_data_pipeline to 2025-09-14 00:00:00+00:00, run_after=2025-09-15 00:00:00+00:00
[2025-09-15T00:00:44.788+0000] {logging_mixin.py:188} INFO - [2025-09-15T00:00:44.788+0000] {dag.py:3823} INFO - Setting next_dagrun for stores_data_pipeline to 2025-09-14 00:00:00+00:00, run_after=2025-09-15 00:00:00+00:00
[2025-09-15T00:00:44.817+0000] {processor.py:183} INFO - Processing /opt/airflow/dags/compressed_elt.py took 0.220 seconds
[2025-09-15T00:01:15.432+0000] {processor.py:161} INFO - Started process (PID=1269) to work on /opt/airflow/dags/compressed_elt.py
[2025-09-15T00:01:15.434+0000] {processor.py:830} INFO - Processing file /opt/airflow/dags/compressed_elt.py for tasks to queue
[2025-09-15T00:01:15.439+0000] {logging_mixin.py:188} INFO - [2025-09-15T00:01:15.439+0000] {dagbag.py:538} INFO - Filling up the DagBag from /opt/airflow/dags/compressed_elt.py
[2025-09-15T00:01:15.500+0000] {processor.py:840} INFO - DAG(s) 'products_data_pipeline', 'stores_data_pipeline', 'shipments_data_pipeline', 'customers_data_pipeline', 'sales_data_pipeline' retrieved from /opt/airflow/dags/compressed_elt.py
[2025-09-15T00:01:15.575+0000] {logging_mixin.py:188} INFO - [2025-09-15T00:01:15.575+0000] {dag.py:3036} INFO - Sync 5 DAGs
[2025-09-15T00:01:15.612+0000] {logging_mixin.py:188} INFO - [2025-09-15T00:01:15.612+0000] {dag.py:3823} INFO - Setting next_dagrun for customers_data_pipeline to 2025-09-14 00:00:00+00:00, run_after=2025-09-15 00:00:00+00:00
[2025-09-15T00:01:15.618+0000] {logging_mixin.py:188} INFO - [2025-09-15T00:01:15.618+0000] {dag.py:3823} INFO - Setting next_dagrun for products_data_pipeline to 2025-09-14 00:00:00+00:00, run_after=2025-09-15 00:00:00+00:00
[2025-09-15T00:01:15.622+0000] {logging_mixin.py:188} INFO - [2025-09-15T00:01:15.622+0000] {dag.py:3823} INFO - Setting next_dagrun for sales_data_pipeline to 2025-09-14 00:00:00+00:00, run_after=2025-09-15 00:00:00+00:00
[2025-09-15T00:01:15.626+0000] {logging_mixin.py:188} INFO - [2025-09-15T00:01:15.626+0000] {dag.py:3823} INFO - Setting next_dagrun for shipments_data_pipeline to 2025-09-14 00:00:00+00:00, run_after=2025-09-15 00:00:00+00:00
[2025-09-15T00:01:15.630+0000] {logging_mixin.py:188} INFO - [2025-09-15T00:01:15.629+0000] {dag.py:3823} INFO - Setting next_dagrun for stores_data_pipeline to 2025-09-14 00:00:00+00:00, run_after=2025-09-15 00:00:00+00:00
[2025-09-15T00:01:15.661+0000] {processor.py:183} INFO - Processing /opt/airflow/dags/compressed_elt.py took 0.235 seconds
[2025-09-15T00:01:46.262+0000] {processor.py:161} INFO - Started process (PID=1279) to work on /opt/airflow/dags/compressed_elt.py
[2025-09-15T00:01:46.264+0000] {processor.py:830} INFO - Processing file /opt/airflow/dags/compressed_elt.py for tasks to queue
[2025-09-15T00:01:46.270+0000] {logging_mixin.py:188} INFO - [2025-09-15T00:01:46.269+0000] {dagbag.py:538} INFO - Filling up the DagBag from /opt/airflow/dags/compressed_elt.py
[2025-09-15T00:01:46.336+0000] {processor.py:840} INFO - DAG(s) 'customers_data_pipeline', 'products_data_pipeline', 'stores_data_pipeline', 'shipments_data_pipeline', 'sales_data_pipeline' retrieved from /opt/airflow/dags/compressed_elt.py
[2025-09-15T00:01:46.420+0000] {logging_mixin.py:188} INFO - [2025-09-15T00:01:46.420+0000] {dag.py:3036} INFO - Sync 5 DAGs
[2025-09-15T00:01:46.468+0000] {logging_mixin.py:188} INFO - [2025-09-15T00:01:46.467+0000] {dag.py:3823} INFO - Setting next_dagrun for customers_data_pipeline to 2025-09-14 00:00:00+00:00, run_after=2025-09-15 00:00:00+00:00
[2025-09-15T00:01:46.475+0000] {logging_mixin.py:188} INFO - [2025-09-15T00:01:46.475+0000] {dag.py:3823} INFO - Setting next_dagrun for products_data_pipeline to 2025-09-14 00:00:00+00:00, run_after=2025-09-15 00:00:00+00:00
[2025-09-15T00:01:46.478+0000] {logging_mixin.py:188} INFO - [2025-09-15T00:01:46.478+0000] {dag.py:3823} INFO - Setting next_dagrun for sales_data_pipeline to 2025-09-14 00:00:00+00:00, run_after=2025-09-15 00:00:00+00:00
[2025-09-15T00:01:46.483+0000] {logging_mixin.py:188} INFO - [2025-09-15T00:01:46.483+0000] {dag.py:3823} INFO - Setting next_dagrun for shipments_data_pipeline to 2025-09-14 00:00:00+00:00, run_after=2025-09-15 00:00:00+00:00
[2025-09-15T00:01:46.487+0000] {logging_mixin.py:188} INFO - [2025-09-15T00:01:46.487+0000] {dag.py:3823} INFO - Setting next_dagrun for stores_data_pipeline to 2025-09-14 00:00:00+00:00, run_after=2025-09-15 00:00:00+00:00
[2025-09-15T00:01:46.517+0000] {processor.py:183} INFO - Processing /opt/airflow/dags/compressed_elt.py took 0.263 seconds
[2025-09-15T00:02:17.092+0000] {processor.py:161} INFO - Started process (PID=1289) to work on /opt/airflow/dags/compressed_elt.py
[2025-09-15T00:02:17.095+0000] {processor.py:830} INFO - Processing file /opt/airflow/dags/compressed_elt.py for tasks to queue
[2025-09-15T00:02:17.100+0000] {logging_mixin.py:188} INFO - [2025-09-15T00:02:17.099+0000] {dagbag.py:538} INFO - Filling up the DagBag from /opt/airflow/dags/compressed_elt.py
[2025-09-15T00:02:17.163+0000] {processor.py:840} INFO - DAG(s) 'sales_data_pipeline', 'stores_data_pipeline', 'products_data_pipeline', 'customers_data_pipeline', 'shipments_data_pipeline' retrieved from /opt/airflow/dags/compressed_elt.py
[2025-09-15T00:02:17.228+0000] {logging_mixin.py:188} INFO - [2025-09-15T00:02:17.228+0000] {dag.py:3036} INFO - Sync 5 DAGs
[2025-09-15T00:02:17.269+0000] {logging_mixin.py:188} INFO - [2025-09-15T00:02:17.268+0000] {dag.py:3823} INFO - Setting next_dagrun for customers_data_pipeline to 2025-09-14 00:00:00+00:00, run_after=2025-09-15 00:00:00+00:00
[2025-09-15T00:02:17.277+0000] {logging_mixin.py:188} INFO - [2025-09-15T00:02:17.276+0000] {dag.py:3823} INFO - Setting next_dagrun for products_data_pipeline to 2025-09-14 00:00:00+00:00, run_after=2025-09-15 00:00:00+00:00
[2025-09-15T00:02:17.282+0000] {logging_mixin.py:188} INFO - [2025-09-15T00:02:17.281+0000] {dag.py:3823} INFO - Setting next_dagrun for sales_data_pipeline to 2025-09-14 00:00:00+00:00, run_after=2025-09-15 00:00:00+00:00
[2025-09-15T00:02:17.286+0000] {logging_mixin.py:188} INFO - [2025-09-15T00:02:17.286+0000] {dag.py:3823} INFO - Setting next_dagrun for shipments_data_pipeline to 2025-09-14 00:00:00+00:00, run_after=2025-09-15 00:00:00+00:00
[2025-09-15T00:02:17.290+0000] {logging_mixin.py:188} INFO - [2025-09-15T00:02:17.290+0000] {dag.py:3823} INFO - Setting next_dagrun for stores_data_pipeline to 2025-09-14 00:00:00+00:00, run_after=2025-09-15 00:00:00+00:00
[2025-09-15T00:02:17.333+0000] {processor.py:183} INFO - Processing /opt/airflow/dags/compressed_elt.py took 0.247 seconds
[2025-09-15T00:02:47.920+0000] {processor.py:161} INFO - Started process (PID=1299) to work on /opt/airflow/dags/compressed_elt.py
[2025-09-15T00:02:47.922+0000] {processor.py:830} INFO - Processing file /opt/airflow/dags/compressed_elt.py for tasks to queue
[2025-09-15T00:02:47.926+0000] {logging_mixin.py:188} INFO - [2025-09-15T00:02:47.925+0000] {dagbag.py:538} INFO - Filling up the DagBag from /opt/airflow/dags/compressed_elt.py
[2025-09-15T00:02:47.986+0000] {processor.py:840} INFO - DAG(s) 'customers_data_pipeline', 'shipments_data_pipeline', 'products_data_pipeline', 'stores_data_pipeline', 'sales_data_pipeline' retrieved from /opt/airflow/dags/compressed_elt.py
[2025-09-15T00:02:48.053+0000] {logging_mixin.py:188} INFO - [2025-09-15T00:02:48.053+0000] {dag.py:3036} INFO - Sync 5 DAGs
[2025-09-15T00:02:48.091+0000] {logging_mixin.py:188} INFO - [2025-09-15T00:02:48.090+0000] {dag.py:3823} INFO - Setting next_dagrun for customers_data_pipeline to 2025-09-14 00:00:00+00:00, run_after=2025-09-15 00:00:00+00:00
[2025-09-15T00:02:48.100+0000] {logging_mixin.py:188} INFO - [2025-09-15T00:02:48.099+0000] {dag.py:3823} INFO - Setting next_dagrun for products_data_pipeline to 2025-09-14 00:00:00+00:00, run_after=2025-09-15 00:00:00+00:00
[2025-09-15T00:02:48.106+0000] {logging_mixin.py:188} INFO - [2025-09-15T00:02:48.105+0000] {dag.py:3823} INFO - Setting next_dagrun for sales_data_pipeline to 2025-09-14 00:00:00+00:00, run_after=2025-09-15 00:00:00+00:00
[2025-09-15T00:02:48.112+0000] {logging_mixin.py:188} INFO - [2025-09-15T00:02:48.112+0000] {dag.py:3823} INFO - Setting next_dagrun for shipments_data_pipeline to 2025-09-14 00:00:00+00:00, run_after=2025-09-15 00:00:00+00:00
[2025-09-15T00:02:48.117+0000] {logging_mixin.py:188} INFO - [2025-09-15T00:02:48.117+0000] {dag.py:3823} INFO - Setting next_dagrun for stores_data_pipeline to 2025-09-14 00:00:00+00:00, run_after=2025-09-15 00:00:00+00:00
[2025-09-15T00:02:48.148+0000] {processor.py:183} INFO - Processing /opt/airflow/dags/compressed_elt.py took 0.232 seconds
[2025-09-15T00:03:18.783+0000] {processor.py:161} INFO - Started process (PID=1309) to work on /opt/airflow/dags/compressed_elt.py
[2025-09-15T00:03:18.785+0000] {processor.py:830} INFO - Processing file /opt/airflow/dags/compressed_elt.py for tasks to queue
[2025-09-15T00:03:18.790+0000] {logging_mixin.py:188} INFO - [2025-09-15T00:03:18.790+0000] {dagbag.py:538} INFO - Filling up the DagBag from /opt/airflow/dags/compressed_elt.py
[2025-09-15T00:03:18.843+0000] {processor.py:840} INFO - DAG(s) 'products_data_pipeline', 'customers_data_pipeline', 'sales_data_pipeline', 'stores_data_pipeline', 'shipments_data_pipeline' retrieved from /opt/airflow/dags/compressed_elt.py
[2025-09-15T00:03:18.909+0000] {logging_mixin.py:188} INFO - [2025-09-15T00:03:18.908+0000] {dag.py:3036} INFO - Sync 5 DAGs
[2025-09-15T00:03:18.946+0000] {logging_mixin.py:188} INFO - [2025-09-15T00:03:18.946+0000] {dag.py:3823} INFO - Setting next_dagrun for customers_data_pipeline to 2025-09-14 00:00:00+00:00, run_after=2025-09-15 00:00:00+00:00
[2025-09-15T00:03:18.953+0000] {logging_mixin.py:188} INFO - [2025-09-15T00:03:18.953+0000] {dag.py:3823} INFO - Setting next_dagrun for products_data_pipeline to 2025-09-14 00:00:00+00:00, run_after=2025-09-15 00:00:00+00:00
[2025-09-15T00:03:18.957+0000] {logging_mixin.py:188} INFO - [2025-09-15T00:03:18.957+0000] {dag.py:3823} INFO - Setting next_dagrun for sales_data_pipeline to 2025-09-14 00:00:00+00:00, run_after=2025-09-15 00:00:00+00:00
[2025-09-15T00:03:18.961+0000] {logging_mixin.py:188} INFO - [2025-09-15T00:03:18.960+0000] {dag.py:3823} INFO - Setting next_dagrun for shipments_data_pipeline to 2025-09-14 00:00:00+00:00, run_after=2025-09-15 00:00:00+00:00
[2025-09-15T00:03:18.965+0000] {logging_mixin.py:188} INFO - [2025-09-15T00:03:18.964+0000] {dag.py:3823} INFO - Setting next_dagrun for stores_data_pipeline to 2025-09-14 00:00:00+00:00, run_after=2025-09-15 00:00:00+00:00
[2025-09-15T00:03:18.997+0000] {processor.py:183} INFO - Processing /opt/airflow/dags/compressed_elt.py took 0.219 seconds
[2025-09-15T00:03:49.632+0000] {processor.py:161} INFO - Started process (PID=1319) to work on /opt/airflow/dags/compressed_elt.py
[2025-09-15T00:03:49.634+0000] {processor.py:830} INFO - Processing file /opt/airflow/dags/compressed_elt.py for tasks to queue
[2025-09-15T00:03:49.639+0000] {logging_mixin.py:188} INFO - [2025-09-15T00:03:49.638+0000] {dagbag.py:538} INFO - Filling up the DagBag from /opt/airflow/dags/compressed_elt.py
[2025-09-15T00:03:49.702+0000] {processor.py:840} INFO - DAG(s) 'sales_data_pipeline', 'shipments_data_pipeline', 'customers_data_pipeline', 'stores_data_pipeline', 'products_data_pipeline' retrieved from /opt/airflow/dags/compressed_elt.py
[2025-09-15T00:03:49.767+0000] {logging_mixin.py:188} INFO - [2025-09-15T00:03:49.767+0000] {dag.py:3036} INFO - Sync 5 DAGs
[2025-09-15T00:03:49.804+0000] {logging_mixin.py:188} INFO - [2025-09-15T00:03:49.804+0000] {dag.py:3823} INFO - Setting next_dagrun for customers_data_pipeline to 2025-09-14 00:00:00+00:00, run_after=2025-09-15 00:00:00+00:00
[2025-09-15T00:03:49.813+0000] {logging_mixin.py:188} INFO - [2025-09-15T00:03:49.813+0000] {dag.py:3823} INFO - Setting next_dagrun for products_data_pipeline to 2025-09-14 00:00:00+00:00, run_after=2025-09-15 00:00:00+00:00
[2025-09-15T00:03:49.818+0000] {logging_mixin.py:188} INFO - [2025-09-15T00:03:49.818+0000] {dag.py:3823} INFO - Setting next_dagrun for sales_data_pipeline to 2025-09-14 00:00:00+00:00, run_after=2025-09-15 00:00:00+00:00
[2025-09-15T00:03:49.822+0000] {logging_mixin.py:188} INFO - [2025-09-15T00:03:49.822+0000] {dag.py:3823} INFO - Setting next_dagrun for shipments_data_pipeline to 2025-09-14 00:00:00+00:00, run_after=2025-09-15 00:00:00+00:00
[2025-09-15T00:03:49.826+0000] {logging_mixin.py:188} INFO - [2025-09-15T00:03:49.826+0000] {dag.py:3823} INFO - Setting next_dagrun for stores_data_pipeline to 2025-09-14 00:00:00+00:00, run_after=2025-09-15 00:00:00+00:00
[2025-09-15T00:03:49.857+0000] {processor.py:183} INFO - Processing /opt/airflow/dags/compressed_elt.py took 0.232 seconds
[2025-09-15T00:04:20.540+0000] {processor.py:161} INFO - Started process (PID=1329) to work on /opt/airflow/dags/compressed_elt.py
[2025-09-15T00:04:20.542+0000] {processor.py:830} INFO - Processing file /opt/airflow/dags/compressed_elt.py for tasks to queue
[2025-09-15T00:04:20.546+0000] {logging_mixin.py:188} INFO - [2025-09-15T00:04:20.545+0000] {dagbag.py:538} INFO - Filling up the DagBag from /opt/airflow/dags/compressed_elt.py
[2025-09-15T00:04:20.604+0000] {processor.py:840} INFO - DAG(s) 'sales_data_pipeline', 'stores_data_pipeline', 'products_data_pipeline', 'customers_data_pipeline', 'shipments_data_pipeline' retrieved from /opt/airflow/dags/compressed_elt.py
[2025-09-15T00:04:20.685+0000] {logging_mixin.py:188} INFO - [2025-09-15T00:04:20.685+0000] {dag.py:3036} INFO - Sync 5 DAGs
[2025-09-15T00:04:20.725+0000] {logging_mixin.py:188} INFO - [2025-09-15T00:04:20.724+0000] {dag.py:3823} INFO - Setting next_dagrun for customers_data_pipeline to 2025-09-14 00:00:00+00:00, run_after=2025-09-15 00:00:00+00:00
[2025-09-15T00:04:20.731+0000] {logging_mixin.py:188} INFO - [2025-09-15T00:04:20.731+0000] {dag.py:3823} INFO - Setting next_dagrun for products_data_pipeline to 2025-09-14 00:00:00+00:00, run_after=2025-09-15 00:00:00+00:00
[2025-09-15T00:04:20.735+0000] {logging_mixin.py:188} INFO - [2025-09-15T00:04:20.734+0000] {dag.py:3823} INFO - Setting next_dagrun for sales_data_pipeline to 2025-09-14 00:00:00+00:00, run_after=2025-09-15 00:00:00+00:00
[2025-09-15T00:04:20.738+0000] {logging_mixin.py:188} INFO - [2025-09-15T00:04:20.738+0000] {dag.py:3823} INFO - Setting next_dagrun for shipments_data_pipeline to 2025-09-14 00:00:00+00:00, run_after=2025-09-15 00:00:00+00:00
[2025-09-15T00:04:20.741+0000] {logging_mixin.py:188} INFO - [2025-09-15T00:04:20.741+0000] {dag.py:3823} INFO - Setting next_dagrun for stores_data_pipeline to 2025-09-14 00:00:00+00:00, run_after=2025-09-15 00:00:00+00:00
[2025-09-15T00:04:20.773+0000] {processor.py:183} INFO - Processing /opt/airflow/dags/compressed_elt.py took 0.239 seconds
[2025-09-15T00:04:51.485+0000] {processor.py:161} INFO - Started process (PID=1339) to work on /opt/airflow/dags/compressed_elt.py
[2025-09-15T00:04:51.487+0000] {processor.py:830} INFO - Processing file /opt/airflow/dags/compressed_elt.py for tasks to queue
[2025-09-15T00:04:51.491+0000] {logging_mixin.py:188} INFO - [2025-09-15T00:04:51.491+0000] {dagbag.py:538} INFO - Filling up the DagBag from /opt/airflow/dags/compressed_elt.py
[2025-09-15T00:04:51.553+0000] {processor.py:840} INFO - DAG(s) 'products_data_pipeline', 'sales_data_pipeline', 'shipments_data_pipeline', 'customers_data_pipeline', 'stores_data_pipeline' retrieved from /opt/airflow/dags/compressed_elt.py
[2025-09-15T00:04:51.621+0000] {logging_mixin.py:188} INFO - [2025-09-15T00:04:51.620+0000] {dag.py:3036} INFO - Sync 5 DAGs
[2025-09-15T00:04:51.659+0000] {logging_mixin.py:188} INFO - [2025-09-15T00:04:51.659+0000] {dag.py:3823} INFO - Setting next_dagrun for customers_data_pipeline to 2025-09-14 00:00:00+00:00, run_after=2025-09-15 00:00:00+00:00
[2025-09-15T00:04:51.667+0000] {logging_mixin.py:188} INFO - [2025-09-15T00:04:51.667+0000] {dag.py:3823} INFO - Setting next_dagrun for products_data_pipeline to 2025-09-14 00:00:00+00:00, run_after=2025-09-15 00:00:00+00:00
[2025-09-15T00:04:51.673+0000] {logging_mixin.py:188} INFO - [2025-09-15T00:04:51.672+0000] {dag.py:3823} INFO - Setting next_dagrun for sales_data_pipeline to 2025-09-14 00:00:00+00:00, run_after=2025-09-15 00:00:00+00:00
[2025-09-15T00:04:51.679+0000] {logging_mixin.py:188} INFO - [2025-09-15T00:04:51.678+0000] {dag.py:3823} INFO - Setting next_dagrun for shipments_data_pipeline to 2025-09-14 00:00:00+00:00, run_after=2025-09-15 00:00:00+00:00
[2025-09-15T00:04:51.683+0000] {logging_mixin.py:188} INFO - [2025-09-15T00:04:51.683+0000] {dag.py:3823} INFO - Setting next_dagrun for stores_data_pipeline to 2025-09-14 00:00:00+00:00, run_after=2025-09-15 00:00:00+00:00
[2025-09-15T00:04:51.711+0000] {processor.py:183} INFO - Processing /opt/airflow/dags/compressed_elt.py took 0.234 seconds
[2025-09-15T00:05:22.362+0000] {processor.py:161} INFO - Started process (PID=1349) to work on /opt/airflow/dags/compressed_elt.py
[2025-09-15T00:05:22.364+0000] {processor.py:830} INFO - Processing file /opt/airflow/dags/compressed_elt.py for tasks to queue
[2025-09-15T00:05:22.368+0000] {logging_mixin.py:188} INFO - [2025-09-15T00:05:22.368+0000] {dagbag.py:538} INFO - Filling up the DagBag from /opt/airflow/dags/compressed_elt.py
[2025-09-15T00:05:22.431+0000] {processor.py:840} INFO - DAG(s) 'shipments_data_pipeline', 'products_data_pipeline', 'sales_data_pipeline', 'customers_data_pipeline', 'stores_data_pipeline' retrieved from /opt/airflow/dags/compressed_elt.py
[2025-09-15T00:05:22.502+0000] {logging_mixin.py:188} INFO - [2025-09-15T00:05:22.502+0000] {dag.py:3036} INFO - Sync 5 DAGs
[2025-09-15T00:05:22.545+0000] {logging_mixin.py:188} INFO - [2025-09-15T00:05:22.545+0000] {dag.py:3823} INFO - Setting next_dagrun for customers_data_pipeline to 2025-09-14 00:00:00+00:00, run_after=2025-09-15 00:00:00+00:00
[2025-09-15T00:05:22.555+0000] {logging_mixin.py:188} INFO - [2025-09-15T00:05:22.555+0000] {dag.py:3823} INFO - Setting next_dagrun for products_data_pipeline to 2025-09-14 00:00:00+00:00, run_after=2025-09-15 00:00:00+00:00
[2025-09-15T00:05:22.560+0000] {logging_mixin.py:188} INFO - [2025-09-15T00:05:22.560+0000] {dag.py:3823} INFO - Setting next_dagrun for sales_data_pipeline to 2025-09-14 00:00:00+00:00, run_after=2025-09-15 00:00:00+00:00
[2025-09-15T00:05:22.565+0000] {logging_mixin.py:188} INFO - [2025-09-15T00:05:22.565+0000] {dag.py:3823} INFO - Setting next_dagrun for shipments_data_pipeline to 2025-09-14 00:00:00+00:00, run_after=2025-09-15 00:00:00+00:00
[2025-09-15T00:05:22.569+0000] {logging_mixin.py:188} INFO - [2025-09-15T00:05:22.568+0000] {dag.py:3823} INFO - Setting next_dagrun for stores_data_pipeline to 2025-09-14 00:00:00+00:00, run_after=2025-09-15 00:00:00+00:00
[2025-09-15T00:05:22.595+0000] {processor.py:183} INFO - Processing /opt/airflow/dags/compressed_elt.py took 0.239 seconds
[2025-09-15T00:05:53.146+0000] {processor.py:161} INFO - Started process (PID=1359) to work on /opt/airflow/dags/compressed_elt.py
[2025-09-15T00:05:53.149+0000] {processor.py:830} INFO - Processing file /opt/airflow/dags/compressed_elt.py for tasks to queue
[2025-09-15T00:05:53.155+0000] {logging_mixin.py:188} INFO - [2025-09-15T00:05:53.154+0000] {dagbag.py:538} INFO - Filling up the DagBag from /opt/airflow/dags/compressed_elt.py
[2025-09-15T00:05:53.215+0000] {processor.py:840} INFO - DAG(s) 'products_data_pipeline', 'stores_data_pipeline', 'sales_data_pipeline', 'customers_data_pipeline', 'shipments_data_pipeline' retrieved from /opt/airflow/dags/compressed_elt.py
[2025-09-15T00:05:53.279+0000] {logging_mixin.py:188} INFO - [2025-09-15T00:05:53.279+0000] {dag.py:3036} INFO - Sync 5 DAGs
[2025-09-15T00:05:53.315+0000] {logging_mixin.py:188} INFO - [2025-09-15T00:05:53.315+0000] {dag.py:3823} INFO - Setting next_dagrun for customers_data_pipeline to 2025-09-14 00:00:00+00:00, run_after=2025-09-15 00:00:00+00:00
[2025-09-15T00:05:53.322+0000] {logging_mixin.py:188} INFO - [2025-09-15T00:05:53.322+0000] {dag.py:3823} INFO - Setting next_dagrun for products_data_pipeline to 2025-09-14 00:00:00+00:00, run_after=2025-09-15 00:00:00+00:00
[2025-09-15T00:05:53.327+0000] {logging_mixin.py:188} INFO - [2025-09-15T00:05:53.326+0000] {dag.py:3823} INFO - Setting next_dagrun for sales_data_pipeline to 2025-09-14 00:00:00+00:00, run_after=2025-09-15 00:00:00+00:00
[2025-09-15T00:05:53.330+0000] {logging_mixin.py:188} INFO - [2025-09-15T00:05:53.330+0000] {dag.py:3823} INFO - Setting next_dagrun for shipments_data_pipeline to 2025-09-14 00:00:00+00:00, run_after=2025-09-15 00:00:00+00:00
[2025-09-15T00:05:53.336+0000] {logging_mixin.py:188} INFO - [2025-09-15T00:05:53.335+0000] {dag.py:3823} INFO - Setting next_dagrun for stores_data_pipeline to 2025-09-14 00:00:00+00:00, run_after=2025-09-15 00:00:00+00:00
[2025-09-15T00:05:53.367+0000] {processor.py:183} INFO - Processing /opt/airflow/dags/compressed_elt.py took 0.227 seconds
[2025-09-15T00:06:23.971+0000] {processor.py:161} INFO - Started process (PID=1369) to work on /opt/airflow/dags/compressed_elt.py
[2025-09-15T00:06:23.973+0000] {processor.py:830} INFO - Processing file /opt/airflow/dags/compressed_elt.py for tasks to queue
[2025-09-15T00:06:23.977+0000] {logging_mixin.py:188} INFO - [2025-09-15T00:06:23.977+0000] {dagbag.py:538} INFO - Filling up the DagBag from /opt/airflow/dags/compressed_elt.py
[2025-09-15T00:06:24.035+0000] {processor.py:840} INFO - DAG(s) 'shipments_data_pipeline', 'customers_data_pipeline', 'stores_data_pipeline', 'products_data_pipeline', 'sales_data_pipeline' retrieved from /opt/airflow/dags/compressed_elt.py
[2025-09-15T00:06:24.099+0000] {logging_mixin.py:188} INFO - [2025-09-15T00:06:24.098+0000] {dag.py:3036} INFO - Sync 5 DAGs
[2025-09-15T00:06:24.135+0000] {logging_mixin.py:188} INFO - [2025-09-15T00:06:24.135+0000] {dag.py:3823} INFO - Setting next_dagrun for customers_data_pipeline to 2025-09-14 00:00:00+00:00, run_after=2025-09-15 00:00:00+00:00
[2025-09-15T00:06:24.144+0000] {logging_mixin.py:188} INFO - [2025-09-15T00:06:24.144+0000] {dag.py:3823} INFO - Setting next_dagrun for products_data_pipeline to 2025-09-14 00:00:00+00:00, run_after=2025-09-15 00:00:00+00:00
[2025-09-15T00:06:24.147+0000] {logging_mixin.py:188} INFO - [2025-09-15T00:06:24.147+0000] {dag.py:3823} INFO - Setting next_dagrun for sales_data_pipeline to 2025-09-14 00:00:00+00:00, run_after=2025-09-15 00:00:00+00:00
[2025-09-15T00:06:24.150+0000] {logging_mixin.py:188} INFO - [2025-09-15T00:06:24.150+0000] {dag.py:3823} INFO - Setting next_dagrun for shipments_data_pipeline to 2025-09-14 00:00:00+00:00, run_after=2025-09-15 00:00:00+00:00
[2025-09-15T00:06:24.153+0000] {logging_mixin.py:188} INFO - [2025-09-15T00:06:24.153+0000] {dag.py:3823} INFO - Setting next_dagrun for stores_data_pipeline to 2025-09-14 00:00:00+00:00, run_after=2025-09-15 00:00:00+00:00
[2025-09-15T00:06:24.184+0000] {processor.py:183} INFO - Processing /opt/airflow/dags/compressed_elt.py took 0.218 seconds
[2025-09-15T00:06:54.707+0000] {processor.py:161} INFO - Started process (PID=1379) to work on /opt/airflow/dags/compressed_elt.py
[2025-09-15T00:06:54.709+0000] {processor.py:830} INFO - Processing file /opt/airflow/dags/compressed_elt.py for tasks to queue
[2025-09-15T00:06:54.713+0000] {logging_mixin.py:188} INFO - [2025-09-15T00:06:54.713+0000] {dagbag.py:538} INFO - Filling up the DagBag from /opt/airflow/dags/compressed_elt.py
[2025-09-15T00:06:54.781+0000] {processor.py:840} INFO - DAG(s) 'shipments_data_pipeline', 'products_data_pipeline', 'sales_data_pipeline', 'customers_data_pipeline', 'stores_data_pipeline' retrieved from /opt/airflow/dags/compressed_elt.py
[2025-09-15T00:06:54.856+0000] {logging_mixin.py:188} INFO - [2025-09-15T00:06:54.856+0000] {dag.py:3036} INFO - Sync 5 DAGs
[2025-09-15T00:06:54.902+0000] {logging_mixin.py:188} INFO - [2025-09-15T00:06:54.902+0000] {dag.py:3823} INFO - Setting next_dagrun for customers_data_pipeline to 2025-09-14 00:00:00+00:00, run_after=2025-09-15 00:00:00+00:00
[2025-09-15T00:06:54.913+0000] {logging_mixin.py:188} INFO - [2025-09-15T00:06:54.913+0000] {dag.py:3823} INFO - Setting next_dagrun for products_data_pipeline to 2025-09-14 00:00:00+00:00, run_after=2025-09-15 00:00:00+00:00
[2025-09-15T00:06:54.919+0000] {logging_mixin.py:188} INFO - [2025-09-15T00:06:54.918+0000] {dag.py:3823} INFO - Setting next_dagrun for sales_data_pipeline to 2025-09-14 00:00:00+00:00, run_after=2025-09-15 00:00:00+00:00
[2025-09-15T00:06:54.925+0000] {logging_mixin.py:188} INFO - [2025-09-15T00:06:54.925+0000] {dag.py:3823} INFO - Setting next_dagrun for shipments_data_pipeline to 2025-09-14 00:00:00+00:00, run_after=2025-09-15 00:00:00+00:00
[2025-09-15T00:06:54.936+0000] {logging_mixin.py:188} INFO - [2025-09-15T00:06:54.935+0000] {dag.py:3823} INFO - Setting next_dagrun for stores_data_pipeline to 2025-09-14 00:00:00+00:00, run_after=2025-09-15 00:00:00+00:00
[2025-09-15T00:06:54.989+0000] {processor.py:183} INFO - Processing /opt/airflow/dags/compressed_elt.py took 0.288 seconds
[2025-09-15T00:07:25.529+0000] {processor.py:161} INFO - Started process (PID=1389) to work on /opt/airflow/dags/compressed_elt.py
[2025-09-15T00:07:25.531+0000] {processor.py:830} INFO - Processing file /opt/airflow/dags/compressed_elt.py for tasks to queue
[2025-09-15T00:07:25.535+0000] {logging_mixin.py:188} INFO - [2025-09-15T00:07:25.535+0000] {dagbag.py:538} INFO - Filling up the DagBag from /opt/airflow/dags/compressed_elt.py
[2025-09-15T00:07:25.604+0000] {processor.py:840} INFO - DAG(s) 'customers_data_pipeline', 'stores_data_pipeline', 'products_data_pipeline', 'sales_data_pipeline', 'shipments_data_pipeline' retrieved from /opt/airflow/dags/compressed_elt.py
[2025-09-15T00:07:25.678+0000] {logging_mixin.py:188} INFO - [2025-09-15T00:07:25.677+0000] {dag.py:3036} INFO - Sync 5 DAGs
[2025-09-15T00:07:25.721+0000] {logging_mixin.py:188} INFO - [2025-09-15T00:07:25.720+0000] {dag.py:3823} INFO - Setting next_dagrun for customers_data_pipeline to 2025-09-14 00:00:00+00:00, run_after=2025-09-15 00:00:00+00:00
[2025-09-15T00:07:25.730+0000] {logging_mixin.py:188} INFO - [2025-09-15T00:07:25.729+0000] {dag.py:3823} INFO - Setting next_dagrun for products_data_pipeline to 2025-09-14 00:00:00+00:00, run_after=2025-09-15 00:00:00+00:00
[2025-09-15T00:07:25.735+0000] {logging_mixin.py:188} INFO - [2025-09-15T00:07:25.735+0000] {dag.py:3823} INFO - Setting next_dagrun for sales_data_pipeline to 2025-09-14 00:00:00+00:00, run_after=2025-09-15 00:00:00+00:00
[2025-09-15T00:07:25.740+0000] {logging_mixin.py:188} INFO - [2025-09-15T00:07:25.740+0000] {dag.py:3823} INFO - Setting next_dagrun for shipments_data_pipeline to 2025-09-14 00:00:00+00:00, run_after=2025-09-15 00:00:00+00:00
[2025-09-15T00:07:25.744+0000] {logging_mixin.py:188} INFO - [2025-09-15T00:07:25.744+0000] {dag.py:3823} INFO - Setting next_dagrun for stores_data_pipeline to 2025-09-14 00:00:00+00:00, run_after=2025-09-15 00:00:00+00:00
[2025-09-15T00:07:25.801+0000] {processor.py:183} INFO - Processing /opt/airflow/dags/compressed_elt.py took 0.278 seconds
[2025-09-15T00:07:56.316+0000] {processor.py:161} INFO - Started process (PID=1399) to work on /opt/airflow/dags/compressed_elt.py
[2025-09-15T00:07:56.318+0000] {processor.py:830} INFO - Processing file /opt/airflow/dags/compressed_elt.py for tasks to queue
[2025-09-15T00:07:56.323+0000] {logging_mixin.py:188} INFO - [2025-09-15T00:07:56.322+0000] {dagbag.py:538} INFO - Filling up the DagBag from /opt/airflow/dags/compressed_elt.py
[2025-09-15T00:07:56.381+0000] {processor.py:840} INFO - DAG(s) 'products_data_pipeline', 'shipments_data_pipeline', 'stores_data_pipeline', 'customers_data_pipeline', 'sales_data_pipeline' retrieved from /opt/airflow/dags/compressed_elt.py
[2025-09-15T00:07:56.447+0000] {logging_mixin.py:188} INFO - [2025-09-15T00:07:56.447+0000] {dag.py:3036} INFO - Sync 5 DAGs
[2025-09-15T00:07:56.490+0000] {logging_mixin.py:188} INFO - [2025-09-15T00:07:56.489+0000] {dag.py:3823} INFO - Setting next_dagrun for customers_data_pipeline to 2025-09-14 00:00:00+00:00, run_after=2025-09-15 00:00:00+00:00
[2025-09-15T00:07:56.499+0000] {logging_mixin.py:188} INFO - [2025-09-15T00:07:56.499+0000] {dag.py:3823} INFO - Setting next_dagrun for products_data_pipeline to 2025-09-14 00:00:00+00:00, run_after=2025-09-15 00:00:00+00:00
[2025-09-15T00:07:56.504+0000] {logging_mixin.py:188} INFO - [2025-09-15T00:07:56.503+0000] {dag.py:3823} INFO - Setting next_dagrun for sales_data_pipeline to 2025-09-14 00:00:00+00:00, run_after=2025-09-15 00:00:00+00:00
[2025-09-15T00:07:56.509+0000] {logging_mixin.py:188} INFO - [2025-09-15T00:07:56.508+0000] {dag.py:3823} INFO - Setting next_dagrun for shipments_data_pipeline to 2025-09-14 00:00:00+00:00, run_after=2025-09-15 00:00:00+00:00
[2025-09-15T00:07:56.513+0000] {logging_mixin.py:188} INFO - [2025-09-15T00:07:56.513+0000] {dag.py:3823} INFO - Setting next_dagrun for stores_data_pipeline to 2025-09-14 00:00:00+00:00, run_after=2025-09-15 00:00:00+00:00
[2025-09-15T00:07:56.545+0000] {processor.py:183} INFO - Processing /opt/airflow/dags/compressed_elt.py took 0.233 seconds
[2025-09-15T00:08:27.059+0000] {processor.py:161} INFO - Started process (PID=1409) to work on /opt/airflow/dags/compressed_elt.py
[2025-09-15T00:08:27.061+0000] {processor.py:830} INFO - Processing file /opt/airflow/dags/compressed_elt.py for tasks to queue
[2025-09-15T00:08:27.065+0000] {logging_mixin.py:188} INFO - [2025-09-15T00:08:27.064+0000] {dagbag.py:538} INFO - Filling up the DagBag from /opt/airflow/dags/compressed_elt.py
[2025-09-15T00:08:27.129+0000] {processor.py:840} INFO - DAG(s) 'sales_data_pipeline', 'products_data_pipeline', 'shipments_data_pipeline', 'stores_data_pipeline', 'customers_data_pipeline' retrieved from /opt/airflow/dags/compressed_elt.py
[2025-09-15T00:08:27.214+0000] {logging_mixin.py:188} INFO - [2025-09-15T00:08:27.214+0000] {dag.py:3036} INFO - Sync 5 DAGs
[2025-09-15T00:08:27.275+0000] {logging_mixin.py:188} INFO - [2025-09-15T00:08:27.274+0000] {dag.py:3823} INFO - Setting next_dagrun for customers_data_pipeline to 2025-09-14 00:00:00+00:00, run_after=2025-09-15 00:00:00+00:00
[2025-09-15T00:08:27.287+0000] {logging_mixin.py:188} INFO - [2025-09-15T00:08:27.286+0000] {dag.py:3823} INFO - Setting next_dagrun for products_data_pipeline to 2025-09-14 00:00:00+00:00, run_after=2025-09-15 00:00:00+00:00
[2025-09-15T00:08:27.292+0000] {logging_mixin.py:188} INFO - [2025-09-15T00:08:27.292+0000] {dag.py:3823} INFO - Setting next_dagrun for sales_data_pipeline to 2025-09-14 00:00:00+00:00, run_after=2025-09-15 00:00:00+00:00
[2025-09-15T00:08:27.297+0000] {logging_mixin.py:188} INFO - [2025-09-15T00:08:27.296+0000] {dag.py:3823} INFO - Setting next_dagrun for shipments_data_pipeline to 2025-09-14 00:00:00+00:00, run_after=2025-09-15 00:00:00+00:00
[2025-09-15T00:08:27.302+0000] {logging_mixin.py:188} INFO - [2025-09-15T00:08:27.302+0000] {dag.py:3823} INFO - Setting next_dagrun for stores_data_pipeline to 2025-09-14 00:00:00+00:00, run_after=2025-09-15 00:00:00+00:00
[2025-09-15T00:08:27.335+0000] {processor.py:183} INFO - Processing /opt/airflow/dags/compressed_elt.py took 0.280 seconds
[2025-09-15T00:08:57.867+0000] {processor.py:161} INFO - Started process (PID=1419) to work on /opt/airflow/dags/compressed_elt.py
[2025-09-15T00:08:57.870+0000] {processor.py:830} INFO - Processing file /opt/airflow/dags/compressed_elt.py for tasks to queue
[2025-09-15T00:08:57.875+0000] {logging_mixin.py:188} INFO - [2025-09-15T00:08:57.875+0000] {dagbag.py:538} INFO - Filling up the DagBag from /opt/airflow/dags/compressed_elt.py
[2025-09-15T00:08:57.933+0000] {processor.py:840} INFO - DAG(s) 'sales_data_pipeline', 'stores_data_pipeline', 'shipments_data_pipeline', 'products_data_pipeline', 'customers_data_pipeline' retrieved from /opt/airflow/dags/compressed_elt.py
[2025-09-15T00:08:58.001+0000] {logging_mixin.py:188} INFO - [2025-09-15T00:08:58.001+0000] {dag.py:3036} INFO - Sync 5 DAGs
[2025-09-15T00:08:58.040+0000] {logging_mixin.py:188} INFO - [2025-09-15T00:08:58.040+0000] {dag.py:3823} INFO - Setting next_dagrun for customers_data_pipeline to 2025-09-14 00:00:00+00:00, run_after=2025-09-15 00:00:00+00:00
[2025-09-15T00:08:58.049+0000] {logging_mixin.py:188} INFO - [2025-09-15T00:08:58.049+0000] {dag.py:3823} INFO - Setting next_dagrun for products_data_pipeline to 2025-09-14 00:00:00+00:00, run_after=2025-09-15 00:00:00+00:00
[2025-09-15T00:08:58.053+0000] {logging_mixin.py:188} INFO - [2025-09-15T00:08:58.052+0000] {dag.py:3823} INFO - Setting next_dagrun for sales_data_pipeline to 2025-09-14 00:00:00+00:00, run_after=2025-09-15 00:00:00+00:00
[2025-09-15T00:08:58.056+0000] {logging_mixin.py:188} INFO - [2025-09-15T00:08:58.056+0000] {dag.py:3823} INFO - Setting next_dagrun for shipments_data_pipeline to 2025-09-14 00:00:00+00:00, run_after=2025-09-15 00:00:00+00:00
[2025-09-15T00:08:58.061+0000] {logging_mixin.py:188} INFO - [2025-09-15T00:08:58.061+0000] {dag.py:3823} INFO - Setting next_dagrun for stores_data_pipeline to 2025-09-14 00:00:00+00:00, run_after=2025-09-15 00:00:00+00:00
[2025-09-15T00:08:58.095+0000] {processor.py:183} INFO - Processing /opt/airflow/dags/compressed_elt.py took 0.234 seconds
[2025-09-15T00:09:28.779+0000] {processor.py:161} INFO - Started process (PID=1429) to work on /opt/airflow/dags/compressed_elt.py
[2025-09-15T00:09:28.787+0000] {processor.py:830} INFO - Processing file /opt/airflow/dags/compressed_elt.py for tasks to queue
[2025-09-15T00:09:28.797+0000] {logging_mixin.py:188} INFO - [2025-09-15T00:09:28.796+0000] {dagbag.py:538} INFO - Filling up the DagBag from /opt/airflow/dags/compressed_elt.py
[2025-09-15T00:09:28.951+0000] {processor.py:840} INFO - DAG(s) 'shipments_data_pipeline', 'sales_data_pipeline', 'customers_data_pipeline', 'stores_data_pipeline', 'products_data_pipeline' retrieved from /opt/airflow/dags/compressed_elt.py
[2025-09-15T00:09:29.058+0000] {logging_mixin.py:188} INFO - [2025-09-15T00:09:29.057+0000] {dag.py:3036} INFO - Sync 5 DAGs
[2025-09-15T00:09:29.102+0000] {logging_mixin.py:188} INFO - [2025-09-15T00:09:29.102+0000] {dag.py:3823} INFO - Setting next_dagrun for customers_data_pipeline to 2025-09-14 00:00:00+00:00, run_after=2025-09-15 00:00:00+00:00
[2025-09-15T00:09:29.111+0000] {logging_mixin.py:188} INFO - [2025-09-15T00:09:29.111+0000] {dag.py:3823} INFO - Setting next_dagrun for products_data_pipeline to 2025-09-14 00:00:00+00:00, run_after=2025-09-15 00:00:00+00:00
[2025-09-15T00:09:29.115+0000] {logging_mixin.py:188} INFO - [2025-09-15T00:09:29.115+0000] {dag.py:3823} INFO - Setting next_dagrun for sales_data_pipeline to 2025-09-14 00:00:00+00:00, run_after=2025-09-15 00:00:00+00:00
[2025-09-15T00:09:29.121+0000] {logging_mixin.py:188} INFO - [2025-09-15T00:09:29.121+0000] {dag.py:3823} INFO - Setting next_dagrun for shipments_data_pipeline to 2025-09-14 00:00:00+00:00, run_after=2025-09-15 00:00:00+00:00
[2025-09-15T00:09:29.126+0000] {logging_mixin.py:188} INFO - [2025-09-15T00:09:29.126+0000] {dag.py:3823} INFO - Setting next_dagrun for stores_data_pipeline to 2025-09-14 00:00:00+00:00, run_after=2025-09-15 00:00:00+00:00
[2025-09-15T00:09:29.159+0000] {processor.py:183} INFO - Processing /opt/airflow/dags/compressed_elt.py took 0.392 seconds
[2025-09-15T00:09:59.732+0000] {processor.py:161} INFO - Started process (PID=1439) to work on /opt/airflow/dags/compressed_elt.py
[2025-09-15T00:09:59.734+0000] {processor.py:830} INFO - Processing file /opt/airflow/dags/compressed_elt.py for tasks to queue
[2025-09-15T00:09:59.738+0000] {logging_mixin.py:188} INFO - [2025-09-15T00:09:59.738+0000] {dagbag.py:538} INFO - Filling up the DagBag from /opt/airflow/dags/compressed_elt.py
[2025-09-15T00:09:59.800+0000] {processor.py:840} INFO - DAG(s) 'shipments_data_pipeline', 'stores_data_pipeline', 'products_data_pipeline', 'customers_data_pipeline', 'sales_data_pipeline' retrieved from /opt/airflow/dags/compressed_elt.py
[2025-09-15T00:09:59.876+0000] {logging_mixin.py:188} INFO - [2025-09-15T00:09:59.876+0000] {dag.py:3036} INFO - Sync 5 DAGs
[2025-09-15T00:09:59.915+0000] {logging_mixin.py:188} INFO - [2025-09-15T00:09:59.915+0000] {dag.py:3823} INFO - Setting next_dagrun for customers_data_pipeline to 2025-09-14 00:00:00+00:00, run_after=2025-09-15 00:00:00+00:00
[2025-09-15T00:09:59.922+0000] {logging_mixin.py:188} INFO - [2025-09-15T00:09:59.922+0000] {dag.py:3823} INFO - Setting next_dagrun for products_data_pipeline to 2025-09-14 00:00:00+00:00, run_after=2025-09-15 00:00:00+00:00
[2025-09-15T00:09:59.926+0000] {logging_mixin.py:188} INFO - [2025-09-15T00:09:59.926+0000] {dag.py:3823} INFO - Setting next_dagrun for sales_data_pipeline to 2025-09-14 00:00:00+00:00, run_after=2025-09-15 00:00:00+00:00
[2025-09-15T00:09:59.930+0000] {logging_mixin.py:188} INFO - [2025-09-15T00:09:59.929+0000] {dag.py:3823} INFO - Setting next_dagrun for shipments_data_pipeline to 2025-09-14 00:00:00+00:00, run_after=2025-09-15 00:00:00+00:00
[2025-09-15T00:09:59.933+0000] {logging_mixin.py:188} INFO - [2025-09-15T00:09:59.933+0000] {dag.py:3823} INFO - Setting next_dagrun for stores_data_pipeline to 2025-09-14 00:00:00+00:00, run_after=2025-09-15 00:00:00+00:00
[2025-09-15T00:09:59.968+0000] {processor.py:183} INFO - Processing /opt/airflow/dags/compressed_elt.py took 0.242 seconds
[2025-09-15T00:10:30.620+0000] {processor.py:161} INFO - Started process (PID=1449) to work on /opt/airflow/dags/compressed_elt.py
[2025-09-15T00:10:30.622+0000] {processor.py:830} INFO - Processing file /opt/airflow/dags/compressed_elt.py for tasks to queue
[2025-09-15T00:10:30.625+0000] {logging_mixin.py:188} INFO - [2025-09-15T00:10:30.624+0000] {dagbag.py:538} INFO - Filling up the DagBag from /opt/airflow/dags/compressed_elt.py
[2025-09-15T00:10:30.679+0000] {processor.py:840} INFO - DAG(s) 'shipments_data_pipeline', 'sales_data_pipeline', 'products_data_pipeline', 'stores_data_pipeline', 'customers_data_pipeline' retrieved from /opt/airflow/dags/compressed_elt.py
[2025-09-15T00:10:30.743+0000] {logging_mixin.py:188} INFO - [2025-09-15T00:10:30.743+0000] {dag.py:3036} INFO - Sync 5 DAGs
[2025-09-15T00:10:30.782+0000] {logging_mixin.py:188} INFO - [2025-09-15T00:10:30.782+0000] {dag.py:3823} INFO - Setting next_dagrun for customers_data_pipeline to 2025-09-14 00:00:00+00:00, run_after=2025-09-15 00:00:00+00:00
[2025-09-15T00:10:30.790+0000] {logging_mixin.py:188} INFO - [2025-09-15T00:10:30.790+0000] {dag.py:3823} INFO - Setting next_dagrun for products_data_pipeline to 2025-09-14 00:00:00+00:00, run_after=2025-09-15 00:00:00+00:00
[2025-09-15T00:10:30.794+0000] {logging_mixin.py:188} INFO - [2025-09-15T00:10:30.794+0000] {dag.py:3823} INFO - Setting next_dagrun for sales_data_pipeline to 2025-09-14 00:00:00+00:00, run_after=2025-09-15 00:00:00+00:00
[2025-09-15T00:10:30.800+0000] {logging_mixin.py:188} INFO - [2025-09-15T00:10:30.800+0000] {dag.py:3823} INFO - Setting next_dagrun for shipments_data_pipeline to 2025-09-14 00:00:00+00:00, run_after=2025-09-15 00:00:00+00:00
[2025-09-15T00:10:30.804+0000] {logging_mixin.py:188} INFO - [2025-09-15T00:10:30.804+0000] {dag.py:3823} INFO - Setting next_dagrun for stores_data_pipeline to 2025-09-14 00:00:00+00:00, run_after=2025-09-15 00:00:00+00:00
[2025-09-15T00:10:30.834+0000] {processor.py:183} INFO - Processing /opt/airflow/dags/compressed_elt.py took 0.218 seconds
[2025-09-15T00:11:01.377+0000] {processor.py:161} INFO - Started process (PID=1459) to work on /opt/airflow/dags/compressed_elt.py
[2025-09-15T00:11:01.379+0000] {processor.py:830} INFO - Processing file /opt/airflow/dags/compressed_elt.py for tasks to queue
[2025-09-15T00:11:01.382+0000] {logging_mixin.py:188} INFO - [2025-09-15T00:11:01.382+0000] {dagbag.py:538} INFO - Filling up the DagBag from /opt/airflow/dags/compressed_elt.py
[2025-09-15T00:11:01.438+0000] {processor.py:840} INFO - DAG(s) 'products_data_pipeline', 'stores_data_pipeline', 'sales_data_pipeline', 'shipments_data_pipeline', 'customers_data_pipeline' retrieved from /opt/airflow/dags/compressed_elt.py
[2025-09-15T00:11:01.535+0000] {logging_mixin.py:188} INFO - [2025-09-15T00:11:01.534+0000] {dag.py:3036} INFO - Sync 5 DAGs
[2025-09-15T00:11:01.579+0000] {logging_mixin.py:188} INFO - [2025-09-15T00:11:01.578+0000] {dag.py:3823} INFO - Setting next_dagrun for customers_data_pipeline to 2025-09-14 00:00:00+00:00, run_after=2025-09-15 00:00:00+00:00
[2025-09-15T00:11:01.587+0000] {logging_mixin.py:188} INFO - [2025-09-15T00:11:01.586+0000] {dag.py:3823} INFO - Setting next_dagrun for products_data_pipeline to 2025-09-14 00:00:00+00:00, run_after=2025-09-15 00:00:00+00:00
[2025-09-15T00:11:01.591+0000] {logging_mixin.py:188} INFO - [2025-09-15T00:11:01.591+0000] {dag.py:3823} INFO - Setting next_dagrun for sales_data_pipeline to 2025-09-14 00:00:00+00:00, run_after=2025-09-15 00:00:00+00:00
[2025-09-15T00:11:01.596+0000] {logging_mixin.py:188} INFO - [2025-09-15T00:11:01.595+0000] {dag.py:3823} INFO - Setting next_dagrun for shipments_data_pipeline to 2025-09-14 00:00:00+00:00, run_after=2025-09-15 00:00:00+00:00
[2025-09-15T00:11:01.600+0000] {logging_mixin.py:188} INFO - [2025-09-15T00:11:01.600+0000] {dag.py:3823} INFO - Setting next_dagrun for stores_data_pipeline to 2025-09-14 00:00:00+00:00, run_after=2025-09-15 00:00:00+00:00
[2025-09-15T00:11:01.639+0000] {processor.py:183} INFO - Processing /opt/airflow/dags/compressed_elt.py took 0.267 seconds
[2025-09-15T00:11:32.284+0000] {processor.py:161} INFO - Started process (PID=1469) to work on /opt/airflow/dags/compressed_elt.py
[2025-09-15T00:11:32.287+0000] {processor.py:830} INFO - Processing file /opt/airflow/dags/compressed_elt.py for tasks to queue
[2025-09-15T00:11:32.292+0000] {logging_mixin.py:188} INFO - [2025-09-15T00:11:32.291+0000] {dagbag.py:538} INFO - Filling up the DagBag from /opt/airflow/dags/compressed_elt.py
[2025-09-15T00:11:32.922+0000] {processor.py:840} INFO - DAG(s) 'stores_data_pipeline', 'sales_data_pipeline', 'customers_data_pipeline', 'products_data_pipeline', 'shipments_data_pipeline' retrieved from /opt/airflow/dags/compressed_elt.py
[2025-09-15T00:11:33.130+0000] {logging_mixin.py:188} INFO - [2025-09-15T00:11:33.130+0000] {dag.py:3036} INFO - Sync 5 DAGs
[2025-09-15T00:11:33.235+0000] {logging_mixin.py:188} INFO - [2025-09-15T00:11:33.234+0000] {dag.py:3823} INFO - Setting next_dagrun for customers_data_pipeline to 2025-09-14 00:00:00+00:00, run_after=2025-09-15 00:00:00+00:00
[2025-09-15T00:11:33.245+0000] {logging_mixin.py:188} INFO - [2025-09-15T00:11:33.245+0000] {dag.py:3823} INFO - Setting next_dagrun for products_data_pipeline to 2025-09-14 00:00:00+00:00, run_after=2025-09-15 00:00:00+00:00
[2025-09-15T00:11:33.251+0000] {logging_mixin.py:188} INFO - [2025-09-15T00:11:33.251+0000] {dag.py:3823} INFO - Setting next_dagrun for sales_data_pipeline to 2025-09-14 00:00:00+00:00, run_after=2025-09-15 00:00:00+00:00
[2025-09-15T00:11:33.257+0000] {logging_mixin.py:188} INFO - [2025-09-15T00:11:33.257+0000] {dag.py:3823} INFO - Setting next_dagrun for shipments_data_pipeline to 2025-09-14 00:00:00+00:00, run_after=2025-09-15 00:00:00+00:00
[2025-09-15T00:11:33.262+0000] {logging_mixin.py:188} INFO - [2025-09-15T00:11:33.262+0000] {dag.py:3823} INFO - Setting next_dagrun for stores_data_pipeline to 2025-09-14 00:00:00+00:00, run_after=2025-09-15 00:00:00+00:00
[2025-09-15T00:11:33.319+0000] {processor.py:183} INFO - Processing /opt/airflow/dags/compressed_elt.py took 1.043 seconds
