[2025-09-15T00:00:13.787+0000] {processor.py:161} INFO - Started process (PID=1246) to work on /opt/airflow/dags/non_compressed_elt.py
[2025-09-15T00:00:13.789+0000] {processor.py:830} INFO - Processing file /opt/airflow/dags/non_compressed_elt.py for tasks to queue
[2025-09-15T00:00:13.793+0000] {logging_mixin.py:188} INFO - [2025-09-15T00:00:13.792+0000] {dagbag.py:538} INFO - Filling up the DagBag from /opt/airflow/dags/non_compressed_elt.py
[2025-09-15T00:00:13.849+0000] {processor.py:840} INFO - DAG(s) 'refunds_data_pipeline', 'returns_data_pipeline', 'promotions_data_pipeline' retrieved from /opt/airflow/dags/non_compressed_elt.py
[2025-09-15T00:00:13.920+0000] {logging_mixin.py:188} INFO - [2025-09-15T00:00:13.920+0000] {dag.py:3036} INFO - Sync 3 DAGs
[2025-09-15T00:00:13.961+0000] {logging_mixin.py:188} INFO - [2025-09-15T00:00:13.960+0000] {dag.py:3823} INFO - Setting next_dagrun for promotions_data_pipeline to 2025-09-14 00:00:00+00:00, run_after=2025-09-15 00:00:00+00:00
[2025-09-15T00:00:13.968+0000] {logging_mixin.py:188} INFO - [2025-09-15T00:00:13.968+0000] {dag.py:3823} INFO - Setting next_dagrun for refunds_data_pipeline to 2025-09-14 00:00:00+00:00, run_after=2025-09-15 00:00:00+00:00
[2025-09-15T00:00:13.972+0000] {logging_mixin.py:188} INFO - [2025-09-15T00:00:13.972+0000] {dag.py:3823} INFO - Setting next_dagrun for returns_data_pipeline to 2025-09-14 00:00:00+00:00, run_after=2025-09-15 00:00:00+00:00
[2025-09-15T00:00:14.013+0000] {processor.py:183} INFO - Processing /opt/airflow/dags/non_compressed_elt.py took 0.232 seconds
[2025-09-15T00:00:44.585+0000] {processor.py:161} INFO - Started process (PID=1256) to work on /opt/airflow/dags/non_compressed_elt.py
[2025-09-15T00:00:44.588+0000] {processor.py:830} INFO - Processing file /opt/airflow/dags/non_compressed_elt.py for tasks to queue
[2025-09-15T00:00:44.593+0000] {logging_mixin.py:188} INFO - [2025-09-15T00:00:44.592+0000] {dagbag.py:538} INFO - Filling up the DagBag from /opt/airflow/dags/non_compressed_elt.py
[2025-09-15T00:00:44.644+0000] {processor.py:840} INFO - DAG(s) 'refunds_data_pipeline', 'promotions_data_pipeline', 'returns_data_pipeline' retrieved from /opt/airflow/dags/non_compressed_elt.py
[2025-09-15T00:00:44.700+0000] {logging_mixin.py:188} INFO - [2025-09-15T00:00:44.700+0000] {dag.py:3036} INFO - Sync 3 DAGs
[2025-09-15T00:00:44.737+0000] {logging_mixin.py:188} INFO - [2025-09-15T00:00:44.737+0000] {dag.py:3823} INFO - Setting next_dagrun for promotions_data_pipeline to 2025-09-14 00:00:00+00:00, run_after=2025-09-15 00:00:00+00:00
[2025-09-15T00:00:44.744+0000] {logging_mixin.py:188} INFO - [2025-09-15T00:00:44.744+0000] {dag.py:3823} INFO - Setting next_dagrun for refunds_data_pipeline to 2025-09-14 00:00:00+00:00, run_after=2025-09-15 00:00:00+00:00
[2025-09-15T00:00:44.748+0000] {logging_mixin.py:188} INFO - [2025-09-15T00:00:44.748+0000] {dag.py:3823} INFO - Setting next_dagrun for returns_data_pipeline to 2025-09-14 00:00:00+00:00, run_after=2025-09-15 00:00:00+00:00
[2025-09-15T00:00:44.779+0000] {processor.py:183} INFO - Processing /opt/airflow/dags/non_compressed_elt.py took 0.201 seconds
[2025-09-15T00:01:15.416+0000] {processor.py:161} INFO - Started process (PID=1266) to work on /opt/airflow/dags/non_compressed_elt.py
[2025-09-15T00:01:15.418+0000] {processor.py:830} INFO - Processing file /opt/airflow/dags/non_compressed_elt.py for tasks to queue
[2025-09-15T00:01:15.423+0000] {logging_mixin.py:188} INFO - [2025-09-15T00:01:15.422+0000] {dagbag.py:538} INFO - Filling up the DagBag from /opt/airflow/dags/non_compressed_elt.py
[2025-09-15T00:01:15.478+0000] {processor.py:840} INFO - DAG(s) 'refunds_data_pipeline', 'promotions_data_pipeline', 'returns_data_pipeline' retrieved from /opt/airflow/dags/non_compressed_elt.py
[2025-09-15T00:01:15.541+0000] {logging_mixin.py:188} INFO - [2025-09-15T00:01:15.541+0000] {dag.py:3036} INFO - Sync 3 DAGs
[2025-09-15T00:01:15.582+0000] {logging_mixin.py:188} INFO - [2025-09-15T00:01:15.582+0000] {dag.py:3823} INFO - Setting next_dagrun for promotions_data_pipeline to 2025-09-14 00:00:00+00:00, run_after=2025-09-15 00:00:00+00:00
[2025-09-15T00:01:15.589+0000] {logging_mixin.py:188} INFO - [2025-09-15T00:01:15.589+0000] {dag.py:3823} INFO - Setting next_dagrun for refunds_data_pipeline to 2025-09-14 00:00:00+00:00, run_after=2025-09-15 00:00:00+00:00
[2025-09-15T00:01:15.593+0000] {logging_mixin.py:188} INFO - [2025-09-15T00:01:15.592+0000] {dag.py:3823} INFO - Setting next_dagrun for returns_data_pipeline to 2025-09-14 00:00:00+00:00, run_after=2025-09-15 00:00:00+00:00
[2025-09-15T00:01:15.633+0000] {processor.py:183} INFO - Processing /opt/airflow/dags/non_compressed_elt.py took 0.222 seconds
[2025-09-15T00:01:46.243+0000] {processor.py:161} INFO - Started process (PID=1276) to work on /opt/airflow/dags/non_compressed_elt.py
[2025-09-15T00:01:46.246+0000] {processor.py:830} INFO - Processing file /opt/airflow/dags/non_compressed_elt.py for tasks to queue
[2025-09-15T00:01:46.251+0000] {logging_mixin.py:188} INFO - [2025-09-15T00:01:46.250+0000] {dagbag.py:538} INFO - Filling up the DagBag from /opt/airflow/dags/non_compressed_elt.py
[2025-09-15T00:01:46.306+0000] {processor.py:840} INFO - DAG(s) 'promotions_data_pipeline', 'refunds_data_pipeline', 'returns_data_pipeline' retrieved from /opt/airflow/dags/non_compressed_elt.py
[2025-09-15T00:01:46.372+0000] {logging_mixin.py:188} INFO - [2025-09-15T00:01:46.372+0000] {dag.py:3036} INFO - Sync 3 DAGs
[2025-09-15T00:01:46.423+0000] {logging_mixin.py:188} INFO - [2025-09-15T00:01:46.422+0000] {dag.py:3823} INFO - Setting next_dagrun for promotions_data_pipeline to 2025-09-14 00:00:00+00:00, run_after=2025-09-15 00:00:00+00:00
[2025-09-15T00:01:46.432+0000] {logging_mixin.py:188} INFO - [2025-09-15T00:01:46.431+0000] {dag.py:3823} INFO - Setting next_dagrun for refunds_data_pipeline to 2025-09-14 00:00:00+00:00, run_after=2025-09-15 00:00:00+00:00
[2025-09-15T00:01:46.437+0000] {logging_mixin.py:188} INFO - [2025-09-15T00:01:46.436+0000] {dag.py:3823} INFO - Setting next_dagrun for returns_data_pipeline to 2025-09-14 00:00:00+00:00, run_after=2025-09-15 00:00:00+00:00
[2025-09-15T00:01:46.478+0000] {processor.py:183} INFO - Processing /opt/airflow/dags/non_compressed_elt.py took 0.241 seconds
[2025-09-15T00:02:17.070+0000] {processor.py:161} INFO - Started process (PID=1286) to work on /opt/airflow/dags/non_compressed_elt.py
[2025-09-15T00:02:17.072+0000] {processor.py:830} INFO - Processing file /opt/airflow/dags/non_compressed_elt.py for tasks to queue
[2025-09-15T00:02:17.076+0000] {logging_mixin.py:188} INFO - [2025-09-15T00:02:17.075+0000] {dagbag.py:538} INFO - Filling up the DagBag from /opt/airflow/dags/non_compressed_elt.py
[2025-09-15T00:02:17.127+0000] {processor.py:840} INFO - DAG(s) 'refunds_data_pipeline', 'returns_data_pipeline', 'promotions_data_pipeline' retrieved from /opt/airflow/dags/non_compressed_elt.py
[2025-09-15T00:02:17.183+0000] {logging_mixin.py:188} INFO - [2025-09-15T00:02:17.183+0000] {dag.py:3036} INFO - Sync 3 DAGs
[2025-09-15T00:02:17.218+0000] {logging_mixin.py:188} INFO - [2025-09-15T00:02:17.217+0000] {dag.py:3823} INFO - Setting next_dagrun for promotions_data_pipeline to 2025-09-14 00:00:00+00:00, run_after=2025-09-15 00:00:00+00:00
[2025-09-15T00:02:17.225+0000] {logging_mixin.py:188} INFO - [2025-09-15T00:02:17.224+0000] {dag.py:3823} INFO - Setting next_dagrun for refunds_data_pipeline to 2025-09-14 00:00:00+00:00, run_after=2025-09-15 00:00:00+00:00
[2025-09-15T00:02:17.229+0000] {logging_mixin.py:188} INFO - [2025-09-15T00:02:17.229+0000] {dag.py:3823} INFO - Setting next_dagrun for returns_data_pipeline to 2025-09-14 00:00:00+00:00, run_after=2025-09-15 00:00:00+00:00
[2025-09-15T00:02:17.260+0000] {processor.py:183} INFO - Processing /opt/airflow/dags/non_compressed_elt.py took 0.196 seconds
[2025-09-15T00:02:47.902+0000] {processor.py:161} INFO - Started process (PID=1296) to work on /opt/airflow/dags/non_compressed_elt.py
[2025-09-15T00:02:47.904+0000] {processor.py:830} INFO - Processing file /opt/airflow/dags/non_compressed_elt.py for tasks to queue
[2025-09-15T00:02:47.909+0000] {logging_mixin.py:188} INFO - [2025-09-15T00:02:47.908+0000] {dagbag.py:538} INFO - Filling up the DagBag from /opt/airflow/dags/non_compressed_elt.py
[2025-09-15T00:02:47.962+0000] {processor.py:840} INFO - DAG(s) 'promotions_data_pipeline', 'returns_data_pipeline', 'refunds_data_pipeline' retrieved from /opt/airflow/dags/non_compressed_elt.py
[2025-09-15T00:02:48.019+0000] {logging_mixin.py:188} INFO - [2025-09-15T00:02:48.019+0000] {dag.py:3036} INFO - Sync 3 DAGs
[2025-09-15T00:02:48.056+0000] {logging_mixin.py:188} INFO - [2025-09-15T00:02:48.055+0000] {dag.py:3823} INFO - Setting next_dagrun for promotions_data_pipeline to 2025-09-14 00:00:00+00:00, run_after=2025-09-15 00:00:00+00:00
[2025-09-15T00:02:48.063+0000] {logging_mixin.py:188} INFO - [2025-09-15T00:02:48.063+0000] {dag.py:3823} INFO - Setting next_dagrun for refunds_data_pipeline to 2025-09-14 00:00:00+00:00, run_after=2025-09-15 00:00:00+00:00
[2025-09-15T00:02:48.067+0000] {logging_mixin.py:188} INFO - [2025-09-15T00:02:48.067+0000] {dag.py:3823} INFO - Setting next_dagrun for returns_data_pipeline to 2025-09-14 00:00:00+00:00, run_after=2025-09-15 00:00:00+00:00
[2025-09-15T00:02:48.100+0000] {processor.py:183} INFO - Processing /opt/airflow/dags/non_compressed_elt.py took 0.206 seconds
[2025-09-15T00:03:18.769+0000] {processor.py:161} INFO - Started process (PID=1306) to work on /opt/airflow/dags/non_compressed_elt.py
[2025-09-15T00:03:18.771+0000] {processor.py:830} INFO - Processing file /opt/airflow/dags/non_compressed_elt.py for tasks to queue
[2025-09-15T00:03:18.775+0000] {logging_mixin.py:188} INFO - [2025-09-15T00:03:18.774+0000] {dagbag.py:538} INFO - Filling up the DagBag from /opt/airflow/dags/non_compressed_elt.py
[2025-09-15T00:03:18.820+0000] {processor.py:840} INFO - DAG(s) 'promotions_data_pipeline', 'returns_data_pipeline', 'refunds_data_pipeline' retrieved from /opt/airflow/dags/non_compressed_elt.py
[2025-09-15T00:03:18.877+0000] {logging_mixin.py:188} INFO - [2025-09-15T00:03:18.876+0000] {dag.py:3036} INFO - Sync 3 DAGs
[2025-09-15T00:03:18.913+0000] {logging_mixin.py:188} INFO - [2025-09-15T00:03:18.912+0000] {dag.py:3823} INFO - Setting next_dagrun for promotions_data_pipeline to 2025-09-14 00:00:00+00:00, run_after=2025-09-15 00:00:00+00:00
[2025-09-15T00:03:18.921+0000] {logging_mixin.py:188} INFO - [2025-09-15T00:03:18.921+0000] {dag.py:3823} INFO - Setting next_dagrun for refunds_data_pipeline to 2025-09-14 00:00:00+00:00, run_after=2025-09-15 00:00:00+00:00
[2025-09-15T00:03:18.925+0000] {logging_mixin.py:188} INFO - [2025-09-15T00:03:18.925+0000] {dag.py:3823} INFO - Setting next_dagrun for returns_data_pipeline to 2025-09-14 00:00:00+00:00, run_after=2025-09-15 00:00:00+00:00
[2025-09-15T00:03:18.961+0000] {processor.py:183} INFO - Processing /opt/airflow/dags/non_compressed_elt.py took 0.198 seconds
[2025-09-15T00:03:49.615+0000] {processor.py:161} INFO - Started process (PID=1316) to work on /opt/airflow/dags/non_compressed_elt.py
[2025-09-15T00:03:49.618+0000] {processor.py:830} INFO - Processing file /opt/airflow/dags/non_compressed_elt.py for tasks to queue
[2025-09-15T00:03:49.623+0000] {logging_mixin.py:188} INFO - [2025-09-15T00:03:49.622+0000] {dagbag.py:538} INFO - Filling up the DagBag from /opt/airflow/dags/non_compressed_elt.py
[2025-09-15T00:03:49.678+0000] {processor.py:840} INFO - DAG(s) 'promotions_data_pipeline', 'refunds_data_pipeline', 'returns_data_pipeline' retrieved from /opt/airflow/dags/non_compressed_elt.py
[2025-09-15T00:03:49.732+0000] {logging_mixin.py:188} INFO - [2025-09-15T00:03:49.732+0000] {dag.py:3036} INFO - Sync 3 DAGs
[2025-09-15T00:03:49.769+0000] {logging_mixin.py:188} INFO - [2025-09-15T00:03:49.769+0000] {dag.py:3823} INFO - Setting next_dagrun for promotions_data_pipeline to 2025-09-14 00:00:00+00:00, run_after=2025-09-15 00:00:00+00:00
[2025-09-15T00:03:49.777+0000] {logging_mixin.py:188} INFO - [2025-09-15T00:03:49.776+0000] {dag.py:3823} INFO - Setting next_dagrun for refunds_data_pipeline to 2025-09-14 00:00:00+00:00, run_after=2025-09-15 00:00:00+00:00
[2025-09-15T00:03:49.782+0000] {logging_mixin.py:188} INFO - [2025-09-15T00:03:49.782+0000] {dag.py:3823} INFO - Setting next_dagrun for returns_data_pipeline to 2025-09-14 00:00:00+00:00, run_after=2025-09-15 00:00:00+00:00
[2025-09-15T00:03:49.812+0000] {processor.py:183} INFO - Processing /opt/airflow/dags/non_compressed_elt.py took 0.205 seconds
[2025-09-15T00:04:20.523+0000] {processor.py:161} INFO - Started process (PID=1326) to work on /opt/airflow/dags/non_compressed_elt.py
[2025-09-15T00:04:20.526+0000] {processor.py:830} INFO - Processing file /opt/airflow/dags/non_compressed_elt.py for tasks to queue
[2025-09-15T00:04:20.531+0000] {logging_mixin.py:188} INFO - [2025-09-15T00:04:20.530+0000] {dagbag.py:538} INFO - Filling up the DagBag from /opt/airflow/dags/non_compressed_elt.py
[2025-09-15T00:04:20.585+0000] {processor.py:840} INFO - DAG(s) 'promotions_data_pipeline', 'returns_data_pipeline', 'refunds_data_pipeline' retrieved from /opt/airflow/dags/non_compressed_elt.py
[2025-09-15T00:04:20.657+0000] {logging_mixin.py:188} INFO - [2025-09-15T00:04:20.656+0000] {dag.py:3036} INFO - Sync 3 DAGs
[2025-09-15T00:04:20.697+0000] {logging_mixin.py:188} INFO - [2025-09-15T00:04:20.696+0000] {dag.py:3823} INFO - Setting next_dagrun for promotions_data_pipeline to 2025-09-14 00:00:00+00:00, run_after=2025-09-15 00:00:00+00:00
[2025-09-15T00:04:20.704+0000] {logging_mixin.py:188} INFO - [2025-09-15T00:04:20.704+0000] {dag.py:3823} INFO - Setting next_dagrun for refunds_data_pipeline to 2025-09-14 00:00:00+00:00, run_after=2025-09-15 00:00:00+00:00
[2025-09-15T00:04:20.708+0000] {logging_mixin.py:188} INFO - [2025-09-15T00:04:20.708+0000] {dag.py:3823} INFO - Setting next_dagrun for returns_data_pipeline to 2025-09-14 00:00:00+00:00, run_after=2025-09-15 00:00:00+00:00
[2025-09-15T00:04:20.747+0000] {processor.py:183} INFO - Processing /opt/airflow/dags/non_compressed_elt.py took 0.232 seconds
[2025-09-15T00:04:51.467+0000] {processor.py:161} INFO - Started process (PID=1336) to work on /opt/airflow/dags/non_compressed_elt.py
[2025-09-15T00:04:51.469+0000] {processor.py:830} INFO - Processing file /opt/airflow/dags/non_compressed_elt.py for tasks to queue
[2025-09-15T00:04:51.474+0000] {logging_mixin.py:188} INFO - [2025-09-15T00:04:51.473+0000] {dagbag.py:538} INFO - Filling up the DagBag from /opt/airflow/dags/non_compressed_elt.py
[2025-09-15T00:04:51.526+0000] {processor.py:840} INFO - DAG(s) 'refunds_data_pipeline', 'returns_data_pipeline', 'promotions_data_pipeline' retrieved from /opt/airflow/dags/non_compressed_elt.py
[2025-09-15T00:04:51.586+0000] {logging_mixin.py:188} INFO - [2025-09-15T00:04:51.586+0000] {dag.py:3036} INFO - Sync 3 DAGs
[2025-09-15T00:04:51.623+0000] {logging_mixin.py:188} INFO - [2025-09-15T00:04:51.622+0000] {dag.py:3823} INFO - Setting next_dagrun for promotions_data_pipeline to 2025-09-14 00:00:00+00:00, run_after=2025-09-15 00:00:00+00:00
[2025-09-15T00:04:51.631+0000] {logging_mixin.py:188} INFO - [2025-09-15T00:04:51.631+0000] {dag.py:3823} INFO - Setting next_dagrun for refunds_data_pipeline to 2025-09-14 00:00:00+00:00, run_after=2025-09-15 00:00:00+00:00
[2025-09-15T00:04:51.635+0000] {logging_mixin.py:188} INFO - [2025-09-15T00:04:51.634+0000] {dag.py:3823} INFO - Setting next_dagrun for returns_data_pipeline to 2025-09-14 00:00:00+00:00, run_after=2025-09-15 00:00:00+00:00
[2025-09-15T00:04:51.666+0000] {processor.py:183} INFO - Processing /opt/airflow/dags/non_compressed_elt.py took 0.205 seconds
[2025-09-15T00:05:22.339+0000] {processor.py:161} INFO - Started process (PID=1346) to work on /opt/airflow/dags/non_compressed_elt.py
[2025-09-15T00:05:22.341+0000] {processor.py:830} INFO - Processing file /opt/airflow/dags/non_compressed_elt.py for tasks to queue
[2025-09-15T00:05:22.345+0000] {logging_mixin.py:188} INFO - [2025-09-15T00:05:22.344+0000] {dagbag.py:538} INFO - Filling up the DagBag from /opt/airflow/dags/non_compressed_elt.py
[2025-09-15T00:05:22.399+0000] {processor.py:840} INFO - DAG(s) 'refunds_data_pipeline', 'promotions_data_pipeline', 'returns_data_pipeline' retrieved from /opt/airflow/dags/non_compressed_elt.py
[2025-09-15T00:05:22.452+0000] {logging_mixin.py:188} INFO - [2025-09-15T00:05:22.452+0000] {dag.py:3036} INFO - Sync 3 DAGs
[2025-09-15T00:05:22.489+0000] {logging_mixin.py:188} INFO - [2025-09-15T00:05:22.488+0000] {dag.py:3823} INFO - Setting next_dagrun for promotions_data_pipeline to 2025-09-14 00:00:00+00:00, run_after=2025-09-15 00:00:00+00:00
[2025-09-15T00:05:22.496+0000] {logging_mixin.py:188} INFO - [2025-09-15T00:05:22.496+0000] {dag.py:3823} INFO - Setting next_dagrun for refunds_data_pipeline to 2025-09-14 00:00:00+00:00, run_after=2025-09-15 00:00:00+00:00
[2025-09-15T00:05:22.500+0000] {logging_mixin.py:188} INFO - [2025-09-15T00:05:22.500+0000] {dag.py:3823} INFO - Setting next_dagrun for returns_data_pipeline to 2025-09-14 00:00:00+00:00, run_after=2025-09-15 00:00:00+00:00
[2025-09-15T00:05:22.530+0000] {processor.py:183} INFO - Processing /opt/airflow/dags/non_compressed_elt.py took 0.197 seconds
[2025-09-15T00:05:53.126+0000] {processor.py:161} INFO - Started process (PID=1356) to work on /opt/airflow/dags/non_compressed_elt.py
[2025-09-15T00:05:53.129+0000] {processor.py:830} INFO - Processing file /opt/airflow/dags/non_compressed_elt.py for tasks to queue
[2025-09-15T00:05:53.134+0000] {logging_mixin.py:188} INFO - [2025-09-15T00:05:53.133+0000] {dagbag.py:538} INFO - Filling up the DagBag from /opt/airflow/dags/non_compressed_elt.py
[2025-09-15T00:05:53.188+0000] {processor.py:840} INFO - DAG(s) 'refunds_data_pipeline', 'promotions_data_pipeline', 'returns_data_pipeline' retrieved from /opt/airflow/dags/non_compressed_elt.py
[2025-09-15T00:05:53.243+0000] {logging_mixin.py:188} INFO - [2025-09-15T00:05:53.242+0000] {dag.py:3036} INFO - Sync 3 DAGs
[2025-09-15T00:05:53.279+0000] {logging_mixin.py:188} INFO - [2025-09-15T00:05:53.278+0000] {dag.py:3823} INFO - Setting next_dagrun for promotions_data_pipeline to 2025-09-14 00:00:00+00:00, run_after=2025-09-15 00:00:00+00:00
[2025-09-15T00:05:53.286+0000] {logging_mixin.py:188} INFO - [2025-09-15T00:05:53.286+0000] {dag.py:3823} INFO - Setting next_dagrun for refunds_data_pipeline to 2025-09-14 00:00:00+00:00, run_after=2025-09-15 00:00:00+00:00
[2025-09-15T00:05:53.290+0000] {logging_mixin.py:188} INFO - [2025-09-15T00:05:53.290+0000] {dag.py:3823} INFO - Setting next_dagrun for returns_data_pipeline to 2025-09-14 00:00:00+00:00, run_after=2025-09-15 00:00:00+00:00
[2025-09-15T00:05:53.329+0000] {processor.py:183} INFO - Processing /opt/airflow/dags/non_compressed_elt.py took 0.209 seconds
[2025-09-15T00:06:23.966+0000] {processor.py:161} INFO - Started process (PID=1366) to work on /opt/airflow/dags/non_compressed_elt.py
[2025-09-15T00:06:23.968+0000] {processor.py:830} INFO - Processing file /opt/airflow/dags/non_compressed_elt.py for tasks to queue
[2025-09-15T00:06:23.972+0000] {logging_mixin.py:188} INFO - [2025-09-15T00:06:23.972+0000] {dagbag.py:538} INFO - Filling up the DagBag from /opt/airflow/dags/non_compressed_elt.py
[2025-09-15T00:06:24.026+0000] {processor.py:840} INFO - DAG(s) 'promotions_data_pipeline', 'returns_data_pipeline', 'refunds_data_pipeline' retrieved from /opt/airflow/dags/non_compressed_elt.py
[2025-09-15T00:06:24.079+0000] {logging_mixin.py:188} INFO - [2025-09-15T00:06:24.078+0000] {dag.py:3036} INFO - Sync 3 DAGs
[2025-09-15T00:06:24.114+0000] {logging_mixin.py:188} INFO - [2025-09-15T00:06:24.114+0000] {dag.py:3823} INFO - Setting next_dagrun for promotions_data_pipeline to 2025-09-14 00:00:00+00:00, run_after=2025-09-15 00:00:00+00:00
[2025-09-15T00:06:24.121+0000] {logging_mixin.py:188} INFO - [2025-09-15T00:06:24.121+0000] {dag.py:3823} INFO - Setting next_dagrun for refunds_data_pipeline to 2025-09-14 00:00:00+00:00, run_after=2025-09-15 00:00:00+00:00
[2025-09-15T00:06:24.125+0000] {logging_mixin.py:188} INFO - [2025-09-15T00:06:24.125+0000] {dag.py:3823} INFO - Setting next_dagrun for returns_data_pipeline to 2025-09-14 00:00:00+00:00, run_after=2025-09-15 00:00:00+00:00
[2025-09-15T00:06:24.166+0000] {processor.py:183} INFO - Processing /opt/airflow/dags/non_compressed_elt.py took 0.206 seconds
[2025-09-15T00:06:54.693+0000] {processor.py:161} INFO - Started process (PID=1376) to work on /opt/airflow/dags/non_compressed_elt.py
[2025-09-15T00:06:54.696+0000] {processor.py:830} INFO - Processing file /opt/airflow/dags/non_compressed_elt.py for tasks to queue
[2025-09-15T00:06:54.700+0000] {logging_mixin.py:188} INFO - [2025-09-15T00:06:54.700+0000] {dagbag.py:538} INFO - Filling up the DagBag from /opt/airflow/dags/non_compressed_elt.py
[2025-09-15T00:06:54.761+0000] {processor.py:840} INFO - DAG(s) 'refunds_data_pipeline', 'returns_data_pipeline', 'promotions_data_pipeline' retrieved from /opt/airflow/dags/non_compressed_elt.py
[2025-09-15T00:06:54.820+0000] {logging_mixin.py:188} INFO - [2025-09-15T00:06:54.820+0000] {dag.py:3036} INFO - Sync 3 DAGs
[2025-09-15T00:06:54.868+0000] {logging_mixin.py:188} INFO - [2025-09-15T00:06:54.868+0000] {dag.py:3823} INFO - Setting next_dagrun for promotions_data_pipeline to 2025-09-14 00:00:00+00:00, run_after=2025-09-15 00:00:00+00:00
[2025-09-15T00:06:54.876+0000] {logging_mixin.py:188} INFO - [2025-09-15T00:06:54.875+0000] {dag.py:3823} INFO - Setting next_dagrun for refunds_data_pipeline to 2025-09-14 00:00:00+00:00, run_after=2025-09-15 00:00:00+00:00
[2025-09-15T00:06:54.880+0000] {logging_mixin.py:188} INFO - [2025-09-15T00:06:54.879+0000] {dag.py:3823} INFO - Setting next_dagrun for returns_data_pipeline to 2025-09-14 00:00:00+00:00, run_after=2025-09-15 00:00:00+00:00
[2025-09-15T00:06:54.928+0000] {processor.py:183} INFO - Processing /opt/airflow/dags/non_compressed_elt.py took 0.242 seconds
[2025-09-15T00:07:25.512+0000] {processor.py:161} INFO - Started process (PID=1386) to work on /opt/airflow/dags/non_compressed_elt.py
[2025-09-15T00:07:25.514+0000] {processor.py:830} INFO - Processing file /opt/airflow/dags/non_compressed_elt.py for tasks to queue
[2025-09-15T00:07:25.519+0000] {logging_mixin.py:188} INFO - [2025-09-15T00:07:25.518+0000] {dagbag.py:538} INFO - Filling up the DagBag from /opt/airflow/dags/non_compressed_elt.py
[2025-09-15T00:07:25.570+0000] {processor.py:840} INFO - DAG(s) 'returns_data_pipeline', 'promotions_data_pipeline', 'refunds_data_pipeline' retrieved from /opt/airflow/dags/non_compressed_elt.py
[2025-09-15T00:07:25.634+0000] {logging_mixin.py:188} INFO - [2025-09-15T00:07:25.634+0000] {dag.py:3036} INFO - Sync 3 DAGs
[2025-09-15T00:07:25.674+0000] {logging_mixin.py:188} INFO - [2025-09-15T00:07:25.673+0000] {dag.py:3823} INFO - Setting next_dagrun for promotions_data_pipeline to 2025-09-14 00:00:00+00:00, run_after=2025-09-15 00:00:00+00:00
[2025-09-15T00:07:25.682+0000] {logging_mixin.py:188} INFO - [2025-09-15T00:07:25.682+0000] {dag.py:3823} INFO - Setting next_dagrun for refunds_data_pipeline to 2025-09-14 00:00:00+00:00, run_after=2025-09-15 00:00:00+00:00
[2025-09-15T00:07:25.686+0000] {logging_mixin.py:188} INFO - [2025-09-15T00:07:25.686+0000] {dag.py:3823} INFO - Setting next_dagrun for returns_data_pipeline to 2025-09-14 00:00:00+00:00, run_after=2025-09-15 00:00:00+00:00
[2025-09-15T00:07:25.718+0000] {processor.py:183} INFO - Processing /opt/airflow/dags/non_compressed_elt.py took 0.214 seconds
[2025-09-15T00:07:56.302+0000] {processor.py:161} INFO - Started process (PID=1396) to work on /opt/airflow/dags/non_compressed_elt.py
[2025-09-15T00:07:56.304+0000] {processor.py:830} INFO - Processing file /opt/airflow/dags/non_compressed_elt.py for tasks to queue
[2025-09-15T00:07:56.308+0000] {logging_mixin.py:188} INFO - [2025-09-15T00:07:56.307+0000] {dagbag.py:538} INFO - Filling up the DagBag from /opt/airflow/dags/non_compressed_elt.py
[2025-09-15T00:07:56.360+0000] {processor.py:840} INFO - DAG(s) 'refunds_data_pipeline', 'returns_data_pipeline', 'promotions_data_pipeline' retrieved from /opt/airflow/dags/non_compressed_elt.py
[2025-09-15T00:07:56.416+0000] {logging_mixin.py:188} INFO - [2025-09-15T00:07:56.416+0000] {dag.py:3036} INFO - Sync 3 DAGs
[2025-09-15T00:07:56.455+0000] {logging_mixin.py:188} INFO - [2025-09-15T00:07:56.454+0000] {dag.py:3823} INFO - Setting next_dagrun for promotions_data_pipeline to 2025-09-14 00:00:00+00:00, run_after=2025-09-15 00:00:00+00:00
[2025-09-15T00:07:56.462+0000] {logging_mixin.py:188} INFO - [2025-09-15T00:07:56.461+0000] {dag.py:3823} INFO - Setting next_dagrun for refunds_data_pipeline to 2025-09-14 00:00:00+00:00, run_after=2025-09-15 00:00:00+00:00
[2025-09-15T00:07:56.465+0000] {logging_mixin.py:188} INFO - [2025-09-15T00:07:56.465+0000] {dag.py:3823} INFO - Setting next_dagrun for returns_data_pipeline to 2025-09-14 00:00:00+00:00, run_after=2025-09-15 00:00:00+00:00
[2025-09-15T00:07:56.501+0000] {processor.py:183} INFO - Processing /opt/airflow/dags/non_compressed_elt.py took 0.206 seconds
[2025-09-15T00:08:27.043+0000] {processor.py:161} INFO - Started process (PID=1406) to work on /opt/airflow/dags/non_compressed_elt.py
[2025-09-15T00:08:27.045+0000] {processor.py:830} INFO - Processing file /opt/airflow/dags/non_compressed_elt.py for tasks to queue
[2025-09-15T00:08:27.050+0000] {logging_mixin.py:188} INFO - [2025-09-15T00:08:27.049+0000] {dagbag.py:538} INFO - Filling up the DagBag from /opt/airflow/dags/non_compressed_elt.py
[2025-09-15T00:08:27.107+0000] {processor.py:840} INFO - DAG(s) 'returns_data_pipeline', 'refunds_data_pipeline', 'promotions_data_pipeline' retrieved from /opt/airflow/dags/non_compressed_elt.py
[2025-09-15T00:08:27.173+0000] {logging_mixin.py:188} INFO - [2025-09-15T00:08:27.173+0000] {dag.py:3036} INFO - Sync 3 DAGs
[2025-09-15T00:08:27.227+0000] {logging_mixin.py:188} INFO - [2025-09-15T00:08:27.227+0000] {dag.py:3823} INFO - Setting next_dagrun for promotions_data_pipeline to 2025-09-14 00:00:00+00:00, run_after=2025-09-15 00:00:00+00:00
[2025-09-15T00:08:27.238+0000] {logging_mixin.py:188} INFO - [2025-09-15T00:08:27.238+0000] {dag.py:3823} INFO - Setting next_dagrun for refunds_data_pipeline to 2025-09-14 00:00:00+00:00, run_after=2025-09-15 00:00:00+00:00
[2025-09-15T00:08:27.244+0000] {logging_mixin.py:188} INFO - [2025-09-15T00:08:27.243+0000] {dag.py:3823} INFO - Setting next_dagrun for returns_data_pipeline to 2025-09-14 00:00:00+00:00, run_after=2025-09-15 00:00:00+00:00
[2025-09-15T00:08:27.289+0000] {processor.py:183} INFO - Processing /opt/airflow/dags/non_compressed_elt.py took 0.253 seconds
[2025-09-15T00:08:57.854+0000] {processor.py:161} INFO - Started process (PID=1416) to work on /opt/airflow/dags/non_compressed_elt.py
[2025-09-15T00:08:57.856+0000] {processor.py:830} INFO - Processing file /opt/airflow/dags/non_compressed_elt.py for tasks to queue
[2025-09-15T00:08:57.861+0000] {logging_mixin.py:188} INFO - [2025-09-15T00:08:57.860+0000] {dagbag.py:538} INFO - Filling up the DagBag from /opt/airflow/dags/non_compressed_elt.py
[2025-09-15T00:08:57.915+0000] {processor.py:840} INFO - DAG(s) 'promotions_data_pipeline', 'returns_data_pipeline', 'refunds_data_pipeline' retrieved from /opt/airflow/dags/non_compressed_elt.py
[2025-09-15T00:08:57.972+0000] {logging_mixin.py:188} INFO - [2025-09-15T00:08:57.971+0000] {dag.py:3036} INFO - Sync 3 DAGs
[2025-09-15T00:08:58.013+0000] {logging_mixin.py:188} INFO - [2025-09-15T00:08:58.013+0000] {dag.py:3823} INFO - Setting next_dagrun for promotions_data_pipeline to 2025-09-14 00:00:00+00:00, run_after=2025-09-15 00:00:00+00:00
[2025-09-15T00:08:58.020+0000] {logging_mixin.py:188} INFO - [2025-09-15T00:08:58.020+0000] {dag.py:3823} INFO - Setting next_dagrun for refunds_data_pipeline to 2025-09-14 00:00:00+00:00, run_after=2025-09-15 00:00:00+00:00
[2025-09-15T00:08:58.024+0000] {logging_mixin.py:188} INFO - [2025-09-15T00:08:58.024+0000] {dag.py:3823} INFO - Setting next_dagrun for returns_data_pipeline to 2025-09-14 00:00:00+00:00, run_after=2025-09-15 00:00:00+00:00
[2025-09-15T00:08:58.057+0000] {processor.py:183} INFO - Processing /opt/airflow/dags/non_compressed_elt.py took 0.210 seconds
[2025-09-15T00:09:28.737+0000] {processor.py:161} INFO - Started process (PID=1426) to work on /opt/airflow/dags/non_compressed_elt.py
[2025-09-15T00:09:28.746+0000] {processor.py:830} INFO - Processing file /opt/airflow/dags/non_compressed_elt.py for tasks to queue
[2025-09-15T00:09:28.753+0000] {logging_mixin.py:188} INFO - [2025-09-15T00:09:28.752+0000] {dagbag.py:538} INFO - Filling up the DagBag from /opt/airflow/dags/non_compressed_elt.py
[2025-09-15T00:09:28.894+0000] {processor.py:840} INFO - DAG(s) 'promotions_data_pipeline', 'refunds_data_pipeline', 'returns_data_pipeline' retrieved from /opt/airflow/dags/non_compressed_elt.py
[2025-09-15T00:09:29.020+0000] {logging_mixin.py:188} INFO - [2025-09-15T00:09:29.019+0000] {dag.py:3036} INFO - Sync 3 DAGs
[2025-09-15T00:09:29.068+0000] {logging_mixin.py:188} INFO - [2025-09-15T00:09:29.067+0000] {dag.py:3823} INFO - Setting next_dagrun for promotions_data_pipeline to 2025-09-14 00:00:00+00:00, run_after=2025-09-15 00:00:00+00:00
[2025-09-15T00:09:29.076+0000] {logging_mixin.py:188} INFO - [2025-09-15T00:09:29.075+0000] {dag.py:3823} INFO - Setting next_dagrun for refunds_data_pipeline to 2025-09-14 00:00:00+00:00, run_after=2025-09-15 00:00:00+00:00
[2025-09-15T00:09:29.080+0000] {logging_mixin.py:188} INFO - [2025-09-15T00:09:29.080+0000] {dag.py:3823} INFO - Setting next_dagrun for returns_data_pipeline to 2025-09-14 00:00:00+00:00, run_after=2025-09-15 00:00:00+00:00
[2025-09-15T00:09:29.113+0000] {processor.py:183} INFO - Processing /opt/airflow/dags/non_compressed_elt.py took 0.387 seconds
[2025-09-15T00:09:59.714+0000] {processor.py:161} INFO - Started process (PID=1436) to work on /opt/airflow/dags/non_compressed_elt.py
[2025-09-15T00:09:59.716+0000] {processor.py:830} INFO - Processing file /opt/airflow/dags/non_compressed_elt.py for tasks to queue
[2025-09-15T00:09:59.720+0000] {logging_mixin.py:188} INFO - [2025-09-15T00:09:59.720+0000] {dagbag.py:538} INFO - Filling up the DagBag from /opt/airflow/dags/non_compressed_elt.py
[2025-09-15T00:09:59.772+0000] {processor.py:840} INFO - DAG(s) 'promotions_data_pipeline', 'refunds_data_pipeline', 'returns_data_pipeline' retrieved from /opt/airflow/dags/non_compressed_elt.py
[2025-09-15T00:09:59.835+0000] {logging_mixin.py:188} INFO - [2025-09-15T00:09:59.834+0000] {dag.py:3036} INFO - Sync 3 DAGs
[2025-09-15T00:09:59.878+0000] {logging_mixin.py:188} INFO - [2025-09-15T00:09:59.878+0000] {dag.py:3823} INFO - Setting next_dagrun for promotions_data_pipeline to 2025-09-14 00:00:00+00:00, run_after=2025-09-15 00:00:00+00:00
[2025-09-15T00:09:59.886+0000] {logging_mixin.py:188} INFO - [2025-09-15T00:09:59.886+0000] {dag.py:3823} INFO - Setting next_dagrun for refunds_data_pipeline to 2025-09-14 00:00:00+00:00, run_after=2025-09-15 00:00:00+00:00
[2025-09-15T00:09:59.890+0000] {logging_mixin.py:188} INFO - [2025-09-15T00:09:59.890+0000] {dag.py:3823} INFO - Setting next_dagrun for returns_data_pipeline to 2025-09-14 00:00:00+00:00, run_after=2025-09-15 00:00:00+00:00
[2025-09-15T00:09:59.937+0000] {processor.py:183} INFO - Processing /opt/airflow/dags/non_compressed_elt.py took 0.230 seconds
[2025-09-15T00:10:30.606+0000] {processor.py:161} INFO - Started process (PID=1446) to work on /opt/airflow/dags/non_compressed_elt.py
[2025-09-15T00:10:30.608+0000] {processor.py:830} INFO - Processing file /opt/airflow/dags/non_compressed_elt.py for tasks to queue
[2025-09-15T00:10:30.612+0000] {logging_mixin.py:188} INFO - [2025-09-15T00:10:30.612+0000] {dagbag.py:538} INFO - Filling up the DagBag from /opt/airflow/dags/non_compressed_elt.py
[2025-09-15T00:10:30.659+0000] {processor.py:840} INFO - DAG(s) 'promotions_data_pipeline', 'refunds_data_pipeline', 'returns_data_pipeline' retrieved from /opt/airflow/dags/non_compressed_elt.py
[2025-09-15T00:10:30.713+0000] {logging_mixin.py:188} INFO - [2025-09-15T00:10:30.712+0000] {dag.py:3036} INFO - Sync 3 DAGs
[2025-09-15T00:10:30.749+0000] {logging_mixin.py:188} INFO - [2025-09-15T00:10:30.749+0000] {dag.py:3823} INFO - Setting next_dagrun for promotions_data_pipeline to 2025-09-14 00:00:00+00:00, run_after=2025-09-15 00:00:00+00:00
[2025-09-15T00:10:30.756+0000] {logging_mixin.py:188} INFO - [2025-09-15T00:10:30.756+0000] {dag.py:3823} INFO - Setting next_dagrun for refunds_data_pipeline to 2025-09-14 00:00:00+00:00, run_after=2025-09-15 00:00:00+00:00
[2025-09-15T00:10:30.760+0000] {logging_mixin.py:188} INFO - [2025-09-15T00:10:30.760+0000] {dag.py:3823} INFO - Setting next_dagrun for returns_data_pipeline to 2025-09-14 00:00:00+00:00, run_after=2025-09-15 00:00:00+00:00
[2025-09-15T00:10:30.792+0000] {processor.py:183} INFO - Processing /opt/airflow/dags/non_compressed_elt.py took 0.192 seconds
[2025-09-15T00:11:01.362+0000] {processor.py:161} INFO - Started process (PID=1456) to work on /opt/airflow/dags/non_compressed_elt.py
[2025-09-15T00:11:01.364+0000] {processor.py:830} INFO - Processing file /opt/airflow/dags/non_compressed_elt.py for tasks to queue
[2025-09-15T00:11:01.367+0000] {logging_mixin.py:188} INFO - [2025-09-15T00:11:01.367+0000] {dagbag.py:538} INFO - Filling up the DagBag from /opt/airflow/dags/non_compressed_elt.py
[2025-09-15T00:11:01.415+0000] {processor.py:840} INFO - DAG(s) 'refunds_data_pipeline', 'promotions_data_pipeline', 'returns_data_pipeline' retrieved from /opt/airflow/dags/non_compressed_elt.py
[2025-09-15T00:11:01.495+0000] {logging_mixin.py:188} INFO - [2025-09-15T00:11:01.495+0000] {dag.py:3036} INFO - Sync 3 DAGs
[2025-09-15T00:11:01.540+0000] {logging_mixin.py:188} INFO - [2025-09-15T00:11:01.539+0000] {dag.py:3823} INFO - Setting next_dagrun for promotions_data_pipeline to 2025-09-14 00:00:00+00:00, run_after=2025-09-15 00:00:00+00:00
[2025-09-15T00:11:01.548+0000] {logging_mixin.py:188} INFO - [2025-09-15T00:11:01.548+0000] {dag.py:3823} INFO - Setting next_dagrun for refunds_data_pipeline to 2025-09-14 00:00:00+00:00, run_after=2025-09-15 00:00:00+00:00
[2025-09-15T00:11:01.552+0000] {logging_mixin.py:188} INFO - [2025-09-15T00:11:01.552+0000] {dag.py:3823} INFO - Setting next_dagrun for returns_data_pipeline to 2025-09-14 00:00:00+00:00, run_after=2025-09-15 00:00:00+00:00
[2025-09-15T00:11:01.600+0000] {processor.py:183} INFO - Processing /opt/airflow/dags/non_compressed_elt.py took 0.244 seconds
[2025-09-15T00:11:32.268+0000] {processor.py:161} INFO - Started process (PID=1466) to work on /opt/airflow/dags/non_compressed_elt.py
[2025-09-15T00:11:32.272+0000] {processor.py:830} INFO - Processing file /opt/airflow/dags/non_compressed_elt.py for tasks to queue
[2025-09-15T00:11:32.279+0000] {logging_mixin.py:188} INFO - [2025-09-15T00:11:32.278+0000] {dagbag.py:538} INFO - Filling up the DagBag from /opt/airflow/dags/non_compressed_elt.py
[2025-09-15T00:11:32.714+0000] {processor.py:840} INFO - DAG(s) 'promotions_data_pipeline', 'returns_data_pipeline', 'refunds_data_pipeline' retrieved from /opt/airflow/dags/non_compressed_elt.py
[2025-09-15T00:11:32.935+0000] {logging_mixin.py:188} INFO - [2025-09-15T00:11:32.934+0000] {dag.py:3036} INFO - Sync 3 DAGs
[2025-09-15T00:11:33.065+0000] {logging_mixin.py:188} INFO - [2025-09-15T00:11:33.063+0000] {dag.py:3823} INFO - Setting next_dagrun for promotions_data_pipeline to 2025-09-14 00:00:00+00:00, run_after=2025-09-15 00:00:00+00:00
[2025-09-15T00:11:33.088+0000] {logging_mixin.py:188} INFO - [2025-09-15T00:11:33.087+0000] {dag.py:3823} INFO - Setting next_dagrun for refunds_data_pipeline to 2025-09-14 00:00:00+00:00, run_after=2025-09-15 00:00:00+00:00
[2025-09-15T00:11:33.101+0000] {logging_mixin.py:188} INFO - [2025-09-15T00:11:33.100+0000] {dag.py:3823} INFO - Setting next_dagrun for returns_data_pipeline to 2025-09-14 00:00:00+00:00, run_after=2025-09-15 00:00:00+00:00
[2025-09-15T00:11:33.166+0000] {processor.py:183} INFO - Processing /opt/airflow/dags/non_compressed_elt.py took 0.908 seconds
