[2025-09-14T18:13:35.001+0000] {processor.py:161} INFO - Started process (PID=165) to work on /opt/airflow/dags/customers_elt.py
[2025-09-14T18:13:35.003+0000] {processor.py:830} INFO - Processing file /opt/airflow/dags/customers_elt.py for tasks to queue
[2025-09-14T18:13:35.009+0000] {logging_mixin.py:188} INFO - [2025-09-14T18:13:35.008+0000] {dagbag.py:538} INFO - Filling up the DagBag from /opt/airflow/dags/customers_elt.py
[2025-09-14T18:13:35.103+0000] {processor.py:840} INFO - DAG(s) 'stores_data_pipeline', 'shipments_data_pipeline', 'customers_data_pipeline', 'products_data_pipeline', 'sales_data_pipeline' retrieved from /opt/airflow/dags/customers_elt.py
[2025-09-14T18:13:35.585+0000] {logging_mixin.py:188} INFO - [2025-09-14T18:13:35.585+0000] {dag.py:3036} INFO - Sync 5 DAGs
[2025-09-14T18:13:35.626+0000] {logging_mixin.py:188} INFO - [2025-09-14T18:13:35.626+0000] {dag.py:3823} INFO - Setting next_dagrun for customers_data_pipeline to 2025-09-13 00:00:00+00:00, run_after=2025-09-14 00:00:00+00:00
[2025-09-14T18:13:35.634+0000] {logging_mixin.py:188} INFO - [2025-09-14T18:13:35.634+0000] {dag.py:3823} INFO - Setting next_dagrun for products_data_pipeline to 2025-09-13 00:00:00+00:00, run_after=2025-09-14 00:00:00+00:00
[2025-09-14T18:13:35.638+0000] {logging_mixin.py:188} INFO - [2025-09-14T18:13:35.638+0000] {dag.py:3823} INFO - Setting next_dagrun for sales_data_pipeline to 2025-09-13 00:00:00+00:00, run_after=2025-09-14 00:00:00+00:00
[2025-09-14T18:13:35.643+0000] {logging_mixin.py:188} INFO - [2025-09-14T18:13:35.642+0000] {dag.py:3823} INFO - Setting next_dagrun for shipments_data_pipeline to 2025-09-13 00:00:00+00:00, run_after=2025-09-14 00:00:00+00:00
[2025-09-14T18:13:35.647+0000] {logging_mixin.py:188} INFO - [2025-09-14T18:13:35.647+0000] {dag.py:3823} INFO - Setting next_dagrun for stores_data_pipeline to 2025-09-13 00:00:00+00:00, run_after=2025-09-14 00:00:00+00:00
[2025-09-14T18:13:35.689+0000] {processor.py:183} INFO - Processing /opt/airflow/dags/customers_elt.py took 0.697 seconds
[2025-09-14T18:14:06.078+0000] {processor.py:161} INFO - Started process (PID=170) to work on /opt/airflow/dags/customers_elt.py
[2025-09-14T18:14:06.080+0000] {processor.py:830} INFO - Processing file /opt/airflow/dags/customers_elt.py for tasks to queue
[2025-09-14T18:14:06.084+0000] {logging_mixin.py:188} INFO - [2025-09-14T18:14:06.083+0000] {dagbag.py:538} INFO - Filling up the DagBag from /opt/airflow/dags/customers_elt.py
[2025-09-14T18:14:06.135+0000] {processor.py:840} INFO - DAG(s) 'customers_data_pipeline', 'shipments_data_pipeline', 'sales_data_pipeline', 'stores_data_pipeline', 'products_data_pipeline' retrieved from /opt/airflow/dags/customers_elt.py
[2025-09-14T18:14:06.194+0000] {logging_mixin.py:188} INFO - [2025-09-14T18:14:06.194+0000] {dag.py:3036} INFO - Sync 5 DAGs
[2025-09-14T18:14:06.229+0000] {logging_mixin.py:188} INFO - [2025-09-14T18:14:06.229+0000] {dag.py:3823} INFO - Setting next_dagrun for customers_data_pipeline to 2025-09-13 00:00:00+00:00, run_after=2025-09-14 00:00:00+00:00
[2025-09-14T18:14:06.235+0000] {logging_mixin.py:188} INFO - [2025-09-14T18:14:06.235+0000] {dag.py:3823} INFO - Setting next_dagrun for products_data_pipeline to 2025-09-13 00:00:00+00:00, run_after=2025-09-14 00:00:00+00:00
[2025-09-14T18:14:06.238+0000] {logging_mixin.py:188} INFO - [2025-09-14T18:14:06.238+0000] {dag.py:3823} INFO - Setting next_dagrun for sales_data_pipeline to 2025-09-13 00:00:00+00:00, run_after=2025-09-14 00:00:00+00:00
[2025-09-14T18:14:06.241+0000] {logging_mixin.py:188} INFO - [2025-09-14T18:14:06.241+0000] {dag.py:3823} INFO - Setting next_dagrun for shipments_data_pipeline to 2025-09-13 00:00:00+00:00, run_after=2025-09-14 00:00:00+00:00
[2025-09-14T18:14:06.245+0000] {logging_mixin.py:188} INFO - [2025-09-14T18:14:06.245+0000] {dag.py:3823} INFO - Setting next_dagrun for stores_data_pipeline to 2025-09-13 00:00:00+00:00, run_after=2025-09-14 00:00:00+00:00
[2025-09-14T18:14:06.294+0000] {processor.py:183} INFO - Processing /opt/airflow/dags/customers_elt.py took 0.223 seconds
[2025-09-14T18:14:36.555+0000] {processor.py:161} INFO - Started process (PID=175) to work on /opt/airflow/dags/customers_elt.py
[2025-09-14T18:14:36.558+0000] {processor.py:830} INFO - Processing file /opt/airflow/dags/customers_elt.py for tasks to queue
[2025-09-14T18:14:36.569+0000] {logging_mixin.py:188} INFO - [2025-09-14T18:14:36.566+0000] {dagbag.py:538} INFO - Filling up the DagBag from /opt/airflow/dags/customers_elt.py
[2025-09-14T18:14:36.648+0000] {processor.py:840} INFO - DAG(s) 'sales_data_pipeline', 'products_data_pipeline', 'shipments_data_pipeline', 'customers_data_pipeline', 'stores_data_pipeline' retrieved from /opt/airflow/dags/customers_elt.py
[2025-09-14T18:14:36.706+0000] {logging_mixin.py:188} INFO - [2025-09-14T18:14:36.706+0000] {dag.py:3036} INFO - Sync 5 DAGs
[2025-09-14T18:14:36.737+0000] {logging_mixin.py:188} INFO - [2025-09-14T18:14:36.736+0000] {dag.py:3823} INFO - Setting next_dagrun for customers_data_pipeline to 2025-09-13 00:00:00+00:00, run_after=2025-09-14 00:00:00+00:00
[2025-09-14T18:14:36.743+0000] {logging_mixin.py:188} INFO - [2025-09-14T18:14:36.743+0000] {dag.py:3823} INFO - Setting next_dagrun for products_data_pipeline to 2025-09-13 00:00:00+00:00, run_after=2025-09-14 00:00:00+00:00
[2025-09-14T18:14:36.746+0000] {logging_mixin.py:188} INFO - [2025-09-14T18:14:36.746+0000] {dag.py:3823} INFO - Setting next_dagrun for sales_data_pipeline to 2025-09-13 00:00:00+00:00, run_after=2025-09-14 00:00:00+00:00
[2025-09-14T18:14:36.749+0000] {logging_mixin.py:188} INFO - [2025-09-14T18:14:36.749+0000] {dag.py:3823} INFO - Setting next_dagrun for shipments_data_pipeline to 2025-09-13 00:00:00+00:00, run_after=2025-09-14 00:00:00+00:00
[2025-09-14T18:14:36.752+0000] {logging_mixin.py:188} INFO - [2025-09-14T18:14:36.751+0000] {dag.py:3823} INFO - Setting next_dagrun for stores_data_pipeline to 2025-09-13 00:00:00+00:00, run_after=2025-09-14 00:00:00+00:00
[2025-09-14T18:14:36.779+0000] {processor.py:183} INFO - Processing /opt/airflow/dags/customers_elt.py took 0.235 seconds
[2025-09-14T18:15:07.137+0000] {processor.py:161} INFO - Started process (PID=180) to work on /opt/airflow/dags/customers_elt.py
[2025-09-14T18:15:07.139+0000] {processor.py:830} INFO - Processing file /opt/airflow/dags/customers_elt.py for tasks to queue
[2025-09-14T18:15:07.142+0000] {logging_mixin.py:188} INFO - [2025-09-14T18:15:07.142+0000] {dagbag.py:538} INFO - Filling up the DagBag from /opt/airflow/dags/customers_elt.py
[2025-09-14T18:15:07.194+0000] {processor.py:840} INFO - DAG(s) 'stores_data_pipeline', 'shipments_data_pipeline', 'sales_data_pipeline', 'products_data_pipeline', 'customers_data_pipeline' retrieved from /opt/airflow/dags/customers_elt.py
[2025-09-14T18:15:07.251+0000] {logging_mixin.py:188} INFO - [2025-09-14T18:15:07.251+0000] {dag.py:3036} INFO - Sync 5 DAGs
[2025-09-14T18:15:07.282+0000] {logging_mixin.py:188} INFO - [2025-09-14T18:15:07.282+0000] {dag.py:3823} INFO - Setting next_dagrun for customers_data_pipeline to 2025-09-13 00:00:00+00:00, run_after=2025-09-14 00:00:00+00:00
[2025-09-14T18:15:07.288+0000] {logging_mixin.py:188} INFO - [2025-09-14T18:15:07.288+0000] {dag.py:3823} INFO - Setting next_dagrun for products_data_pipeline to 2025-09-13 00:00:00+00:00, run_after=2025-09-14 00:00:00+00:00
[2025-09-14T18:15:07.291+0000] {logging_mixin.py:188} INFO - [2025-09-14T18:15:07.291+0000] {dag.py:3823} INFO - Setting next_dagrun for sales_data_pipeline to 2025-09-13 00:00:00+00:00, run_after=2025-09-14 00:00:00+00:00
[2025-09-14T18:15:07.294+0000] {logging_mixin.py:188} INFO - [2025-09-14T18:15:07.294+0000] {dag.py:3823} INFO - Setting next_dagrun for shipments_data_pipeline to 2025-09-13 00:00:00+00:00, run_after=2025-09-14 00:00:00+00:00
[2025-09-14T18:15:07.297+0000] {logging_mixin.py:188} INFO - [2025-09-14T18:15:07.297+0000] {dag.py:3823} INFO - Setting next_dagrun for stores_data_pipeline to 2025-09-13 00:00:00+00:00, run_after=2025-09-14 00:00:00+00:00
[2025-09-14T18:15:07.321+0000] {processor.py:183} INFO - Processing /opt/airflow/dags/customers_elt.py took 0.190 seconds
[2025-09-14T18:15:37.584+0000] {processor.py:161} INFO - Started process (PID=185) to work on /opt/airflow/dags/customers_elt.py
[2025-09-14T18:15:37.585+0000] {processor.py:830} INFO - Processing file /opt/airflow/dags/customers_elt.py for tasks to queue
[2025-09-14T18:15:37.589+0000] {logging_mixin.py:188} INFO - [2025-09-14T18:15:37.589+0000] {dagbag.py:538} INFO - Filling up the DagBag from /opt/airflow/dags/customers_elt.py
[2025-09-14T18:15:37.649+0000] {processor.py:840} INFO - DAG(s) 'shipments_data_pipeline', 'products_data_pipeline', 'stores_data_pipeline', 'customers_data_pipeline', 'sales_data_pipeline' retrieved from /opt/airflow/dags/customers_elt.py
[2025-09-14T18:15:37.707+0000] {logging_mixin.py:188} INFO - [2025-09-14T18:15:37.707+0000] {dag.py:3036} INFO - Sync 5 DAGs
[2025-09-14T18:15:37.738+0000] {logging_mixin.py:188} INFO - [2025-09-14T18:15:37.738+0000] {dag.py:3823} INFO - Setting next_dagrun for customers_data_pipeline to 2025-09-13 00:00:00+00:00, run_after=2025-09-14 00:00:00+00:00
[2025-09-14T18:15:37.744+0000] {logging_mixin.py:188} INFO - [2025-09-14T18:15:37.744+0000] {dag.py:3823} INFO - Setting next_dagrun for products_data_pipeline to 2025-09-13 00:00:00+00:00, run_after=2025-09-14 00:00:00+00:00
[2025-09-14T18:15:37.747+0000] {logging_mixin.py:188} INFO - [2025-09-14T18:15:37.747+0000] {dag.py:3823} INFO - Setting next_dagrun for sales_data_pipeline to 2025-09-13 00:00:00+00:00, run_after=2025-09-14 00:00:00+00:00
[2025-09-14T18:15:37.750+0000] {logging_mixin.py:188} INFO - [2025-09-14T18:15:37.750+0000] {dag.py:3823} INFO - Setting next_dagrun for shipments_data_pipeline to 2025-09-13 00:00:00+00:00, run_after=2025-09-14 00:00:00+00:00
[2025-09-14T18:15:37.753+0000] {logging_mixin.py:188} INFO - [2025-09-14T18:15:37.753+0000] {dag.py:3823} INFO - Setting next_dagrun for stores_data_pipeline to 2025-09-13 00:00:00+00:00, run_after=2025-09-14 00:00:00+00:00
[2025-09-14T18:15:37.780+0000] {processor.py:183} INFO - Processing /opt/airflow/dags/customers_elt.py took 0.200 seconds
[2025-09-14T18:16:08.137+0000] {processor.py:161} INFO - Started process (PID=190) to work on /opt/airflow/dags/customers_elt.py
[2025-09-14T18:16:08.139+0000] {processor.py:830} INFO - Processing file /opt/airflow/dags/customers_elt.py for tasks to queue
[2025-09-14T18:16:08.144+0000] {logging_mixin.py:188} INFO - [2025-09-14T18:16:08.143+0000] {dagbag.py:538} INFO - Filling up the DagBag from /opt/airflow/dags/customers_elt.py
[2025-09-14T18:16:08.190+0000] {processor.py:840} INFO - DAG(s) 'stores_data_pipeline', 'products_data_pipeline', 'sales_data_pipeline', 'customers_data_pipeline', 'shipments_data_pipeline' retrieved from /opt/airflow/dags/customers_elt.py
[2025-09-14T18:16:08.245+0000] {logging_mixin.py:188} INFO - [2025-09-14T18:16:08.244+0000] {dag.py:3036} INFO - Sync 5 DAGs
[2025-09-14T18:16:08.277+0000] {logging_mixin.py:188} INFO - [2025-09-14T18:16:08.277+0000] {dag.py:3823} INFO - Setting next_dagrun for customers_data_pipeline to 2025-09-13 00:00:00+00:00, run_after=2025-09-14 00:00:00+00:00
[2025-09-14T18:16:08.283+0000] {logging_mixin.py:188} INFO - [2025-09-14T18:16:08.283+0000] {dag.py:3823} INFO - Setting next_dagrun for products_data_pipeline to 2025-09-13 00:00:00+00:00, run_after=2025-09-14 00:00:00+00:00
[2025-09-14T18:16:08.286+0000] {logging_mixin.py:188} INFO - [2025-09-14T18:16:08.286+0000] {dag.py:3823} INFO - Setting next_dagrun for sales_data_pipeline to 2025-09-13 00:00:00+00:00, run_after=2025-09-14 00:00:00+00:00
[2025-09-14T18:16:08.289+0000] {logging_mixin.py:188} INFO - [2025-09-14T18:16:08.289+0000] {dag.py:3823} INFO - Setting next_dagrun for shipments_data_pipeline to 2025-09-13 00:00:00+00:00, run_after=2025-09-14 00:00:00+00:00
[2025-09-14T18:16:08.292+0000] {logging_mixin.py:188} INFO - [2025-09-14T18:16:08.292+0000] {dag.py:3823} INFO - Setting next_dagrun for stores_data_pipeline to 2025-09-13 00:00:00+00:00, run_after=2025-09-14 00:00:00+00:00
[2025-09-14T18:16:08.317+0000] {processor.py:183} INFO - Processing /opt/airflow/dags/customers_elt.py took 0.184 seconds
[2025-09-14T18:16:38.578+0000] {processor.py:161} INFO - Started process (PID=195) to work on /opt/airflow/dags/customers_elt.py
[2025-09-14T18:16:38.580+0000] {processor.py:830} INFO - Processing file /opt/airflow/dags/customers_elt.py for tasks to queue
[2025-09-14T18:16:38.583+0000] {logging_mixin.py:188} INFO - [2025-09-14T18:16:38.582+0000] {dagbag.py:538} INFO - Filling up the DagBag from /opt/airflow/dags/customers_elt.py
[2025-09-14T18:16:38.640+0000] {processor.py:840} INFO - DAG(s) 'stores_data_pipeline', 'sales_data_pipeline', 'products_data_pipeline', 'customers_data_pipeline', 'shipments_data_pipeline' retrieved from /opt/airflow/dags/customers_elt.py
[2025-09-14T18:16:38.703+0000] {logging_mixin.py:188} INFO - [2025-09-14T18:16:38.703+0000] {dag.py:3036} INFO - Sync 5 DAGs
[2025-09-14T18:16:38.749+0000] {logging_mixin.py:188} INFO - [2025-09-14T18:16:38.748+0000] {dag.py:3823} INFO - Setting next_dagrun for customers_data_pipeline to 2025-09-13 00:00:00+00:00, run_after=2025-09-14 00:00:00+00:00
[2025-09-14T18:16:38.757+0000] {logging_mixin.py:188} INFO - [2025-09-14T18:16:38.757+0000] {dag.py:3823} INFO - Setting next_dagrun for products_data_pipeline to 2025-09-13 00:00:00+00:00, run_after=2025-09-14 00:00:00+00:00
[2025-09-14T18:16:38.760+0000] {logging_mixin.py:188} INFO - [2025-09-14T18:16:38.760+0000] {dag.py:3823} INFO - Setting next_dagrun for sales_data_pipeline to 2025-09-13 00:00:00+00:00, run_after=2025-09-14 00:00:00+00:00
[2025-09-14T18:16:38.763+0000] {logging_mixin.py:188} INFO - [2025-09-14T18:16:38.763+0000] {dag.py:3823} INFO - Setting next_dagrun for shipments_data_pipeline to 2025-09-13 00:00:00+00:00, run_after=2025-09-14 00:00:00+00:00
[2025-09-14T18:16:38.766+0000] {logging_mixin.py:188} INFO - [2025-09-14T18:16:38.766+0000] {dag.py:3823} INFO - Setting next_dagrun for stores_data_pipeline to 2025-09-13 00:00:00+00:00, run_after=2025-09-14 00:00:00+00:00
[2025-09-14T18:16:38.792+0000] {processor.py:183} INFO - Processing /opt/airflow/dags/customers_elt.py took 0.222 seconds
[2025-09-14T18:17:09.229+0000] {processor.py:161} INFO - Started process (PID=200) to work on /opt/airflow/dags/customers_elt.py
[2025-09-14T18:17:09.231+0000] {processor.py:830} INFO - Processing file /opt/airflow/dags/customers_elt.py for tasks to queue
[2025-09-14T18:17:09.234+0000] {logging_mixin.py:188} INFO - [2025-09-14T18:17:09.234+0000] {dagbag.py:538} INFO - Filling up the DagBag from /opt/airflow/dags/customers_elt.py
[2025-09-14T18:17:09.318+0000] {processor.py:840} INFO - DAG(s) 'customers_data_pipeline', 'products_data_pipeline', 'stores_data_pipeline', 'sales_data_pipeline', 'shipments_data_pipeline' retrieved from /opt/airflow/dags/customers_elt.py
[2025-09-14T18:17:09.391+0000] {logging_mixin.py:188} INFO - [2025-09-14T18:17:09.390+0000] {dag.py:3036} INFO - Sync 5 DAGs
[2025-09-14T18:17:09.430+0000] {logging_mixin.py:188} INFO - [2025-09-14T18:17:09.430+0000] {dag.py:3823} INFO - Setting next_dagrun for customers_data_pipeline to 2025-09-13 00:00:00+00:00, run_after=2025-09-14 00:00:00+00:00
[2025-09-14T18:17:09.438+0000] {logging_mixin.py:188} INFO - [2025-09-14T18:17:09.438+0000] {dag.py:3823} INFO - Setting next_dagrun for products_data_pipeline to 2025-09-13 00:00:00+00:00, run_after=2025-09-14 00:00:00+00:00
[2025-09-14T18:17:09.442+0000] {logging_mixin.py:188} INFO - [2025-09-14T18:17:09.442+0000] {dag.py:3823} INFO - Setting next_dagrun for sales_data_pipeline to 2025-09-13 00:00:00+00:00, run_after=2025-09-14 00:00:00+00:00
[2025-09-14T18:17:09.446+0000] {logging_mixin.py:188} INFO - [2025-09-14T18:17:09.446+0000] {dag.py:3823} INFO - Setting next_dagrun for shipments_data_pipeline to 2025-09-13 00:00:00+00:00, run_after=2025-09-14 00:00:00+00:00
[2025-09-14T18:17:09.450+0000] {logging_mixin.py:188} INFO - [2025-09-14T18:17:09.450+0000] {dag.py:3823} INFO - Setting next_dagrun for stores_data_pipeline to 2025-09-13 00:00:00+00:00, run_after=2025-09-14 00:00:00+00:00
[2025-09-14T18:17:09.498+0000] {processor.py:183} INFO - Processing /opt/airflow/dags/customers_elt.py took 0.274 seconds
[2025-09-14T18:17:39.641+0000] {processor.py:161} INFO - Started process (PID=205) to work on /opt/airflow/dags/customers_elt.py
[2025-09-14T18:17:39.643+0000] {processor.py:830} INFO - Processing file /opt/airflow/dags/customers_elt.py for tasks to queue
[2025-09-14T18:17:39.648+0000] {logging_mixin.py:188} INFO - [2025-09-14T18:17:39.648+0000] {dagbag.py:538} INFO - Filling up the DagBag from /opt/airflow/dags/customers_elt.py
[2025-09-14T18:17:39.709+0000] {processor.py:840} INFO - DAG(s) 'shipments_data_pipeline', 'customers_data_pipeline', 'sales_data_pipeline', 'products_data_pipeline', 'stores_data_pipeline' retrieved from /opt/airflow/dags/customers_elt.py
[2025-09-14T18:17:39.778+0000] {logging_mixin.py:188} INFO - [2025-09-14T18:17:39.778+0000] {dag.py:3036} INFO - Sync 5 DAGs
[2025-09-14T18:17:39.814+0000] {logging_mixin.py:188} INFO - [2025-09-14T18:17:39.814+0000] {dag.py:3823} INFO - Setting next_dagrun for customers_data_pipeline to 2025-09-13 00:00:00+00:00, run_after=2025-09-14 00:00:00+00:00
[2025-09-14T18:17:39.822+0000] {logging_mixin.py:188} INFO - [2025-09-14T18:17:39.822+0000] {dag.py:3823} INFO - Setting next_dagrun for products_data_pipeline to 2025-09-13 00:00:00+00:00, run_after=2025-09-14 00:00:00+00:00
[2025-09-14T18:17:39.825+0000] {logging_mixin.py:188} INFO - [2025-09-14T18:17:39.825+0000] {dag.py:3823} INFO - Setting next_dagrun for sales_data_pipeline to 2025-09-13 00:00:00+00:00, run_after=2025-09-14 00:00:00+00:00
[2025-09-14T18:17:39.829+0000] {logging_mixin.py:188} INFO - [2025-09-14T18:17:39.828+0000] {dag.py:3823} INFO - Setting next_dagrun for shipments_data_pipeline to 2025-09-13 00:00:00+00:00, run_after=2025-09-14 00:00:00+00:00
[2025-09-14T18:17:39.832+0000] {logging_mixin.py:188} INFO - [2025-09-14T18:17:39.831+0000] {dag.py:3823} INFO - Setting next_dagrun for stores_data_pipeline to 2025-09-13 00:00:00+00:00, run_after=2025-09-14 00:00:00+00:00
[2025-09-14T18:17:39.869+0000] {processor.py:183} INFO - Processing /opt/airflow/dags/customers_elt.py took 0.239 seconds
