[0m17:57:03.111347 [debug] [MainThread]: Sending event: {'category': 'dbt', 'action': 'invocation', 'label': 'start', 'context': [<snowplow_tracker.self_describing_json.SelfDescribingJson object at 0x0000027E18AFFBC0>, <snowplow_tracker.self_describing_json.SelfDescribingJson object at 0x0000027E17D05D30>, <snowplow_tracker.self_describing_json.SelfDescribingJson object at 0x0000027E17D06540>]}


============================== 17:57:03.127251 | 113bfacd-3fc4-407a-b633-290ee16730ef ==============================
[0m17:57:03.127251 [info ] [MainThread]: Running with dbt=1.10.7
[0m17:57:03.131427 [debug] [MainThread]: running dbt with arguments {'printer_width': '80', 'indirect_selection': 'eager', 'write_json': 'True', 'log_cache_events': 'False', 'partial_parse': 'True', 'cache_selected_only': 'False', 'profiles_dir': 'C:\\Users\\user\\.dbt', 'fail_fast': 'False', 'warn_error': 'None', 'log_path': 'logs', 'debug': 'False', 'version_check': 'True', 'use_colors': 'True', 'use_experimental_parser': 'False', 'empty': 'False', 'quiet': 'False', 'no_print': 'None', 'log_format': 'default', 'introspect': 'True', 'invocation_command': 'dbt run -m stg_products', 'static_parser': 'True', 'target_path': 'None', 'warn_error_options': 'WarnErrorOptionsV2(error=[], warn=[], silence=[])', 'send_anonymous_usage_stats': 'True'}
[0m17:57:03.144698 [warn ] [MainThread]: [[33mWARNING[0m]: Deprecated functionality
Usage of `--models`, `--model`, and `-m` is deprecated in favor of `--select` or
`-s`.
[0m17:57:03.145089 [debug] [MainThread]: Sending event: {'category': 'dbt', 'action': 'deprecation', 'label': '113bfacd-3fc4-407a-b633-290ee16730ef', 'property_': 'warn', 'context': [<snowplow_tracker.self_describing_json.SelfDescribingJson object at 0x0000027E188D0380>]}
[0m17:57:03.147905 [error] [MainThread]: Encountered an error:
Runtime Error
  No dbt_project.yml found at expected path C:\Users\user\retail-airflow-project\dbt_project.yml
  Verify that each entry within packages.yml (and their transitive dependencies) contains a file named dbt_project.yml
  
[0m17:57:03.147905 [warn ] [MainThread]: [[33mWARNING[0m][DeprecationsSummary]: Deprecated functionality
Summary of encountered deprecations:
- ModelParamUsageDeprecation: 1 occurrence
To see all deprecation instances instead of just the first occurrence of each,
run command again with the `--show-all-deprecations` flag. You may also need to
run with `--no-partial-parse` as some deprecations are only encountered during
parsing.
[0m17:57:03.157172 [debug] [MainThread]: Command `dbt run` failed at 17:57:03.156202 after 0.55 seconds
[0m17:57:03.158222 [debug] [MainThread]: Sending event: {'category': 'dbt', 'action': 'invocation', 'label': 'end', 'context': [<snowplow_tracker.self_describing_json.SelfDescribingJson object at 0x0000027E181ACB30>, <snowplow_tracker.self_describing_json.SelfDescribingJson object at 0x0000027E188D0380>, <snowplow_tracker.self_describing_json.SelfDescribingJson object at 0x0000027E18779340>]}
[0m17:57:03.162369 [debug] [MainThread]: Flushing usage events
[0m17:57:03.505708 [debug] [MainThread]: An error was encountered while trying to flush usage events
[0m17:57:20.844793 [debug] [MainThread]: Sending event: {'category': 'dbt', 'action': 'invocation', 'label': 'start', 'context': [<snowplow_tracker.self_describing_json.SelfDescribingJson object at 0x0000027930077B30>, <snowplow_tracker.self_describing_json.SelfDescribingJson object at 0x000002792F6C0EF0>, <snowplow_tracker.self_describing_json.SelfDescribingJson object at 0x000002792FE3F560>]}


============================== 17:57:20.864804 | 3060a75f-b37e-4ca0-b779-42b2937ca789 ==============================
[0m17:57:20.864804 [info ] [MainThread]: Running with dbt=1.10.7
[0m17:57:20.868455 [debug] [MainThread]: running dbt with arguments {'printer_width': '80', 'indirect_selection': 'eager', 'log_cache_events': 'False', 'write_json': 'True', 'partial_parse': 'True', 'cache_selected_only': 'False', 'warn_error': 'None', 'fail_fast': 'False', 'version_check': 'True', 'log_path': 'logs', 'debug': 'False', 'profiles_dir': 'C:\\Users\\user\\.dbt', 'use_colors': 'True', 'use_experimental_parser': 'False', 'no_print': 'None', 'quiet': 'False', 'empty': 'False', 'warn_error_options': 'WarnErrorOptionsV2(error=[], warn=[], silence=[])', 'introspect': 'True', 'invocation_command': 'dbt run -m stg_promotions', 'static_parser': 'True', 'target_path': 'None', 'log_format': 'default', 'send_anonymous_usage_stats': 'True'}
[0m17:57:20.870967 [warn ] [MainThread]: [[33mWARNING[0m]: Deprecated functionality
Usage of `--models`, `--model`, and `-m` is deprecated in favor of `--select` or
`-s`.
[0m17:57:20.872861 [debug] [MainThread]: Sending event: {'category': 'dbt', 'action': 'deprecation', 'label': '3060a75f-b37e-4ca0-b779-42b2937ca789', 'property_': 'warn', 'context': [<snowplow_tracker.self_describing_json.SelfDescribingJson object at 0x000002792F5E8440>]}
[0m17:57:20.876878 [error] [MainThread]: Encountered an error:
Runtime Error
  No dbt_project.yml found at expected path C:\Users\user\retail-airflow-project\dbt_project.yml
  Verify that each entry within packages.yml (and their transitive dependencies) contains a file named dbt_project.yml
  
[0m17:57:20.881302 [warn ] [MainThread]: [[33mWARNING[0m][DeprecationsSummary]: Deprecated functionality
Summary of encountered deprecations:
- ModelParamUsageDeprecation: 1 occurrence
To see all deprecation instances instead of just the first occurrence of each,
run command again with the `--show-all-deprecations` flag. You may also need to
run with `--no-partial-parse` as some deprecations are only encountered during
parsing.
[0m17:57:20.882129 [debug] [MainThread]: Command `dbt run` failed at 17:57:20.882129 after 0.31 seconds
[0m17:57:20.882129 [debug] [MainThread]: Sending event: {'category': 'dbt', 'action': 'invocation', 'label': 'end', 'context': [<snowplow_tracker.self_describing_json.SelfDescribingJson object at 0x00000279312B62D0>, <snowplow_tracker.self_describing_json.SelfDescribingJson object at 0x000002793018D280>, <snowplow_tracker.self_describing_json.SelfDescribingJson object at 0x0000027930077B30>]}
[0m17:57:20.888508 [debug] [MainThread]: Flushing usage events
[0m17:57:21.186083 [debug] [MainThread]: An error was encountered while trying to flush usage events
[0m17:57:33.200714 [debug] [MainThread]: Sending event: {'category': 'dbt', 'action': 'invocation', 'label': 'start', 'context': [<snowplow_tracker.self_describing_json.SelfDescribingJson object at 0x000001BD9CD33170>, <snowplow_tracker.self_describing_json.SelfDescribingJson object at 0x000001BD9D617B30>, <snowplow_tracker.self_describing_json.SelfDescribingJson object at 0x000001BD9D617380>]}


============================== 17:57:33.211055 | ba57dab2-cade-4192-99f1-f5eb48744eb4 ==============================
[0m17:57:33.211055 [info ] [MainThread]: Running with dbt=1.10.7
[0m17:57:33.211055 [debug] [MainThread]: running dbt with arguments {'printer_width': '80', 'indirect_selection': 'eager', 'log_cache_events': 'False', 'write_json': 'True', 'partial_parse': 'True', 'cache_selected_only': 'False', 'profiles_dir': 'C:\\Users\\user\\.dbt', 'debug': 'False', 'version_check': 'True', 'log_path': 'logs', 'fail_fast': 'False', 'warn_error': 'None', 'use_colors': 'True', 'use_experimental_parser': 'False', 'no_print': 'None', 'quiet': 'False', 'empty': 'False', 'log_format': 'default', 'introspect': 'True', 'invocation_command': 'dbt run -s stg_promotions', 'warn_error_options': 'WarnErrorOptionsV2(error=[], warn=[], silence=[])', 'target_path': 'None', 'static_parser': 'True', 'send_anonymous_usage_stats': 'True'}
[0m17:57:33.220986 [error] [MainThread]: Encountered an error:
Runtime Error
  No dbt_project.yml found at expected path C:\Users\user\retail-airflow-project\dbt_project.yml
  Verify that each entry within packages.yml (and their transitive dependencies) contains a file named dbt_project.yml
  
[0m17:57:33.221602 [debug] [MainThread]: Command `dbt run` failed at 17:57:33.221602 after 0.26 seconds
[0m17:57:33.225125 [debug] [MainThread]: Sending event: {'category': 'dbt', 'action': 'invocation', 'label': 'end', 'context': [<snowplow_tracker.self_describing_json.SelfDescribingJson object at 0x000001BD9CD33170>, <snowplow_tracker.self_describing_json.SelfDescribingJson object at 0x000001BD9CC54320>, <snowplow_tracker.self_describing_json.SelfDescribingJson object at 0x000001BD9CC54380>]}
[0m17:57:33.227848 [debug] [MainThread]: Flushing usage events
[0m17:57:33.436360 [debug] [MainThread]: An error was encountered while trying to flush usage events
